[Licensing::Module] Trying to connect to existing licensing client channel...
[Licensing::IpcConnector] Successfully connected to: "LicenseClient-vipgo" at "2026-07-16T03:37:37.9888442Z"
Built from '6000.5/staging' branch; Version is '6000.5.3f1 (c2eb47b3a2a9) revision 12774215'; Using compiler version '194234433'; Build Type 'Release'
OS: 'Windows 11  (10.0.26200) Core' Language: 'ko' Physical Memory: 15776 MB
BatchMode: 1, IsHumanControllingUs: 0, StartBugReporterOnCrash: 0, Is64bit: 1
System  architecture: x64
Process architecture: x64
Date: 2026-07-16T03:37:37Z

COMMAND LINE ARGUMENTS:
C:\Program Files\Unity\Hub\Editor\6000.5.3f1\Editor\Unity.exe
-batchmode
-nographics
-quit
-projectPath
c:\Users\vipgo\Dev\PBL2
-executeMethod
TitleSceneSetupTool.SetupStep1
-logFile
c:\Users\vipgo\Dev\PBL2\step1_setup.log
Successfully changed project path to: c:\Users\vipgo\Dev\PBL2
C:/Users/vipgo/Dev/PBL2
[UnityMemory] Configuration Parameters - Can be set up in boot.config
    "memorysetup-temp-allocator-size-gi-baking-worker=262144"
    "memorysetup-temp-allocator-size-gi-baking-worker=262144"
    "memorysetup-temp-allocator-size-gi-baking-worker=262144"
    "memorysetup-temp-allocator-size-gi-baking-worker=262144"
    "memorysetup-temp-allocator-size-gi-baking-worker=262144"
    "memorysetup-temp-allocator-size-nav-mesh-worker=65536"
    "memorysetup-temp-allocator-size-audio-worker=65536"
    "memorysetup-temp-allocator-size-cloud-worker=32768"
    "memorysetup-temp-allocator-size-gfx=262144"
    "memorysetup-temp-allocator-size-preload-manager=33554432"
    "memorysetup-allocator-temp-initial-block-size-main=262144"
    "memorysetup-allocator-temp-initial-block-size-worker=262144"
    "memorysetup-temp-allocator-size-job-worker=262144"
    "memorysetup-temp-allocator-size-background-worker=32768"
    "memorysetup-bucket-allocator-granularity=16"
    "memorysetup-bucket-allocator-bucket-count=8"
    "memorysetup-bucket-allocator-block-size=33554432"
    "memorysetup-bucket-allocator-block-count=8"
    "memorysetup-main-allocator-block-size=16777216"
    "memorysetup-thread-allocator-block-size=16777216"
    "memorysetup-main-allocator-mimalloc-enabled=0"
    "memorysetup-gfx-main-allocator-block-size=16777216"
    "memorysetup-gfx-thread-allocator-block-size=16777216"
    "memorysetup-cache-allocator-block-size=4194304"
    "memorysetup-typetree-allocator-block-size=2097152"
    "memorysetup-profiler-bucket-allocator-granularity=16"
    "memorysetup-profiler-bucket-allocator-bucket-count=8"
    "memorysetup-profiler-bucket-allocator-block-size=33554432"
    "memorysetup-profiler-bucket-allocator-block-count=8"
    "memorysetup-profiler-allocator-block-size=16777216"
    "memorysetup-profiler-editor-allocator-block-size=1048576"
    "memorysetup-temp-allocator-size-main=16777216"
    "memorysetup-job-temp-allocator-block-size=2097152"
    "memorysetup-job-temp-allocator-block-size-background=1048576"
    "memorysetup-job-temp-allocator-reduction-small-platforms=262144"
Logging is directed to a specific file, skipping project log.Player connection [32096]  Target information:

Player connection [32096]  * "[IP] 192.168.0.51 [Port] 55504 [Flags] 2 [Guid] 4229862897 [EditorId] 4229862897 [Version] 1048832 [Id] WindowsEditor(7,T1grianthus) [Debug] 1 [PackageName] WindowsEditor [ProjectName] Editor" 

Player connection [32096] Host joined multi-casting on [225.0.0.222:54997]...
Player connection [32096] Host joined alternative multi-casting on [225.0.0.222:34997]...
Input System module state changed to: Initialized.
[Physics::Module] Initialized fallback backend.
[Physics::Module] Id: 0xdecafbad
[Package Manager] Connected to IPC stream "Upm-22960" after 0.2 seconds.
[Licensing::Module] Licensing is not yet initialized.
[Licensing::Client] Error: HandshakeResponse reported an error:
	ResponseCode: 505
	ResponseStatus: Unsupported protocol version '1.18.1'.
[Licensing::Module] Error: Failed to handshake to channel: "LicenseClient-vipgo"
[Licensing::IpcConnector] LicenseClient-vipgo channel disconnected successfully.
[Licensing::IpcConnector] Channel LicenseClient-vipgo-6000.5.3 doesn't exist
[Licensing::Module] Successfully launched the LicensingClient (PId: 23328)
[Licensing::IpcConnector] Successfully connected to: "LicenseClient-vipgo-6000.5.3" at "2026-07-16T03:37:40.6900419Z"
[Licensing::Client] Code 10 while verifying Licensing Client signature (process Id: 23328, path: "C:/Program Files/Unity/Hub/Editor/6000.5.3f1/Editor/Data/Resources/Licensing/Client/Unity.Licensing.Client.exe")
[Licensing::Module] LicensingClient has failed validation; ignoring
[Licensing::Client] Handshaking with LicensingClient:
  Version:                 1.18.1+9fbee8e
  Session Id:              7bc86ceac8454ddb92c3ca122c1890d6
  Correlation Id:          2c93444916fb490ffe4f72cae4d105f6
  External correlation Id: 1586377731911278332
  Machine Id:              ODM7uYFPUhyn56Da4Y+F+Y1CjuM=
[Licensing::Module] Successfully connected to LicensingClient on channel: "LicenseClient-vipgo-6000.5.3" (connect: 0.85s, validation: 0.33s, handshake: 0.01s)
[Licensing::IpcConnector] Successfully connected to: "LicenseClient-vipgo-6000.5.3-notifications" at "2026-07-16T03:37:41.0311251Z"
[Licensing::Module] Connected to LicensingClient (PId: 23328, launch time: 0.01, total connection time: 1.20s)
[Licensing::Module] Error: Access token is unavailable; failed to update
[Licensing::Client] Successfully resolved entitlement details
[Licensing::Module] License group:
  Id: 14569777524809-UnityPersXXXX
  Product: Unity Personal
  Type: Assigned
  Expiration: Unlimited
[Licensing::Client] Successfully updated license, isAsync: True, time: 0.01
[Licensing::Client] Successfully resolved entitlement details
[Licensing::Module] Licensing Background thread has ended after 3.09s
[Licensing::Module] Licensing is initialized (took 2.42s).
[Licensing::Client] Successfully resolved entitlement details
Library Redirect Path: Library/
[Physics::Module] Selected backend.
[Physics::Module] Name: PhysX
[Physics::Module] Id: 0xf2b8ea05
[Physics::Module] SDK Version: 4.1.2
[Physics::Module] Integration Version: 1.0.0
[Physics::Module] Threading Mode: Multi-Threaded
Initialize engine version: 6000.5.3f1 (c2eb47b3a2a9)
[Subsystems] Discovering subsystems at path C:/Program Files/Unity/Hub/Editor/6000.5.3f1/Editor/Data/Resources/UnitySubsystems
[Subsystems] Discovering subsystems at path C:/Users/vipgo/Dev/PBL2/Assets
Forcing GfxDevice: Null
GfxDevice: creating device client; kGfxThreadingModeNonThreaded
NullGfxDevice:
    Version:  NULL 1.0 [1.0]
    Renderer: Null Device
    Vendor:   Unity Technologies
Initialize mono
Mono path[0] = 'C:/Program Files/Unity/Hub/Editor/6000.5.3f1/Editor/Data/Managed'
Mono path[1] = 'C:/Program Files/Unity/Hub/Editor/6000.5.3f1/Editor/Data/BCLExtensions/runtime/netstandard2.1'
Mono path[2] = 'C:/Program Files/Unity/Hub/Editor/6000.5.3f1/Editor/Data/MonoBleedingEdge/lib/mono/unityjit-win32'
Mono config path = 'C:/Program Files/Unity/Hub/Editor/6000.5.3f1/Editor/Data/MonoBleedingEdge/etc'
Using monoOptions --debugger-agent=transport=dt_socket,embedding=1,server=y,suspend=n,address=127.0.0.1:56960
CodeReloadManager initialized
ImportWorker Server TCP listen port: 0
AcceleratorClientConnectionCallback - disconnected - :0
Begin MonoManager ReloadAssembly
Registering precompiled unity dll's ...
Register platform support module: C:/Program Files/Unity/Hub/Editor/6000.5.3f1/Editor/Data/PlaybackEngines/WebGLSupport/UnityEditor.WebGL.Extensions.dll
Register platform support module: C:/Program Files/Unity/Hub/Editor/6000.5.3f1/Editor/Data/PlaybackEngines/WindowsStandaloneSupport/UnityEditor.WindowsStandalone.Extensions.dll
Registered in 1.970351 seconds.
Native extension for WindowsStandalone target not found
Native extension for WebGL target not found
Package Manager log level set to [2]
ScheduleIndexationOnStartup MainProcess:False IndexOnStartup:True
Mono: successfully reloaded assembly
- Finished resetting the current domain, in  0.790 seconds
Domain Reload Profiling: 4634ms
	BeginReloadAssembly (359ms)
		CreateAndSetChildDomain (4ms)
	RebuildCommonClasses (13ms)
	RebuildNativeTypeToScriptingClass (39ms)
	initialDomainReloadingComplete (2163ms)
	LoadAllAssembliesAndSetupDomain (1266ms)
		LoadAssemblies (389ms)
		AnalyzeDomain (1027ms)
			TypeCache.Refresh (1021ms)
				TypeCache.ScanAssembly (954ms)
	FinalizeReload (793ms)
		SetupLoadedEditorAssemblies (0ms)
			InitializePlatformSupportModulesInManaged (8ms)
			BeforeProcessingInitializeOnLoad (146ms)
			ProcessInitializeOnLoadAttributes (257ms)
			ProcessInitializeOnLoadMethodAttributes (216ms)
[Licensing::Client] Successfully resolved entitlement details
Application.AssetDatabase Initial Refresh Start
[Package Manager] Restoring resolved packages state from cache
[Licensing::Client] Successfully resolved entitlement details
[Package Manager] Registered 39 packages:
  Built-in packages:
    com.unity.2d.sprite@1.0.0 (location: C:\Users\vipgo\Dev\PBL2\Library\PackageCache\com.unity.2d.sprite@053a968eab56)
    com.unity.multiplayer.center@1.0.1 (location: C:\Users\vipgo\Dev\PBL2\Library\PackageCache\com.unity.multiplayer.center@b860850997d0)
    com.unity.ugui@2.5.0 (location: C:\Users\vipgo\Dev\PBL2\Library\PackageCache\com.unity.ugui@377fd60ad87b)
    com.unity.modules.accessibility@1.0.0 (location: C:\Users\vipgo\Dev\PBL2\Library\PackageCache\com.unity.modules.accessibility)
    com.unity.modules.adaptiveperformance@1.0.0 (location: C:\Users\vipgo\Dev\PBL2\Library\PackageCache\com.unity.modules.adaptiveperformance)
    com.unity.modules.ai@1.0.0 (location: C:\Users\vipgo\Dev\PBL2\Library\PackageCache\com.unity.modules.ai)
    com.unity.modules.androidjni@1.0.0 (location: C:\Users\vipgo\Dev\PBL2\Library\PackageCache\com.unity.modules.androidjni)
    com.unity.modules.animation@1.0.0 (location: C:\Users\vipgo\Dev\PBL2\Library\PackageCache\com.unity.modules.animation)
    com.unity.modules.assetbundle@1.0.0 (location: C:\Users\vipgo\Dev\PBL2\Library\PackageCache\com.unity.modules.assetbundle)
    com.unity.modules.audio@1.0.0 (location: C:\Users\vipgo\Dev\PBL2\Library\PackageCache\com.unity.modules.audio)
    com.unity.modules.cloth@1.0.0 (location: C:\Users\vipgo\Dev\PBL2\Library\PackageCache\com.unity.modules.cloth)
    com.unity.modules.director@1.0.0 (location: C:\Users\vipgo\Dev\PBL2\Library\PackageCache\com.unity.modules.director)
    com.unity.modules.imageconversion@1.0.0 (location: C:\Users\vipgo\Dev\PBL2\Library\PackageCache\com.unity.modules.imageconversion)
    com.unity.modules.imgui@1.0.0 (location: C:\Users\vipgo\Dev\PBL2\Library\PackageCache\com.unity.modules.imgui)
    com.unity.modules.jsonserialize@1.0.0 (location: C:\Users\vipgo\Dev\PBL2\Library\PackageCache\com.unity.modules.jsonserialize)
    com.unity.modules.particlesystem@1.0.0 (location: C:\Users\vipgo\Dev\PBL2\Library\PackageCache\com.unity.modules.particlesystem)
    com.unity.modules.physics@1.0.0 (location: C:\Users\vipgo\Dev\PBL2\Library\PackageCache\com.unity.modules.physics)
    com.unity.modules.physics2d@1.0.0 (location: C:\Users\vipgo\Dev\PBL2\Library\PackageCache\com.unity.modules.physics2d)
    com.unity.modules.physicscore2d@1.0.0 (location: C:\Users\vipgo\Dev\PBL2\Library\PackageCache\com.unity.modules.physicscore2d)
    com.unity.modules.screencapture@1.0.0 (location: C:\Users\vipgo\Dev\PBL2\Library\PackageCache\com.unity.modules.screencapture)
    com.unity.modules.terrain@1.0.0 (location: C:\Users\vipgo\Dev\PBL2\Library\PackageCache\com.unity.modules.terrain)
    com.unity.modules.terrainphysics@1.0.0 (location: C:\Users\vipgo\Dev\PBL2\Library\PackageCache\com.unity.modules.terrainphysics)
    com.unity.modules.tilemap@1.0.0 (location: C:\Users\vipgo\Dev\PBL2\Library\PackageCache\com.unity.modules.tilemap)
    com.unity.modules.ui@1.0.0 (location: C:\Users\vipgo\Dev\PBL2\Library\PackageCache\com.unity.modules.ui)
    com.unity.modules.uielements@1.0.0 (location: C:\Users\vipgo\Dev\PBL2\Library\PackageCache\com.unity.modules.uielements)
    com.unity.modules.umbra@1.0.0 (location: C:\Users\vipgo\Dev\PBL2\Library\PackageCache\com.unity.modules.umbra)
    com.unity.modules.unityanalytics@1.0.0 (location: C:\Users\vipgo\Dev\PBL2\Library\PackageCache\com.unity.modules.unityanalytics)
    com.unity.modules.unitywebrequest@1.0.0 (location: C:\Users\vipgo\Dev\PBL2\Library\PackageCache\com.unity.modules.unitywebrequest)
    com.unity.modules.unitywebrequestassetbundle@1.0.0 (location: C:\Users\vipgo\Dev\PBL2\Library\PackageCache\com.unity.modules.unitywebrequestassetbundle)
    com.unity.modules.unitywebrequestaudio@1.0.0 (location: C:\Users\vipgo\Dev\PBL2\Library\PackageCache\com.unity.modules.unitywebrequestaudio)
    com.unity.modules.unitywebrequesttexture@1.0.0 (location: C:\Users\vipgo\Dev\PBL2\Library\PackageCache\com.unity.modules.unitywebrequesttexture)
    com.unity.modules.unitywebrequestwww@1.0.0 (location: C:\Users\vipgo\Dev\PBL2\Library\PackageCache\com.unity.modules.unitywebrequestwww)
    com.unity.modules.vectorgraphics@1.0.0 (location: C:\Users\vipgo\Dev\PBL2\Library\PackageCache\com.unity.modules.vectorgraphics)
    com.unity.modules.vehicles@1.0.0 (location: C:\Users\vipgo\Dev\PBL2\Library\PackageCache\com.unity.modules.vehicles)
    com.unity.modules.video@1.0.0 (location: C:\Users\vipgo\Dev\PBL2\Library\PackageCache\com.unity.modules.video)
    com.unity.modules.wind@1.0.0 (location: C:\Users\vipgo\Dev\PBL2\Library\PackageCache\com.unity.modules.wind)
    com.unity.modules.xr@1.0.0 (location: C:\Users\vipgo\Dev\PBL2\Library\PackageCache\com.unity.modules.xr)
    com.unity.modules.subsystems@1.0.0 (location: C:\Users\vipgo\Dev\PBL2\Library\PackageCache\com.unity.modules.subsystems)
    com.unity.modules.hierarchycore@1.0.0 (location: C:\Users\vipgo\Dev\PBL2\Library\PackageCache\com.unity.modules.hierarchycore)
[Subsystems] No new subsystems found in resolved package list.
[Package Manager] Done registering packages in 0.02 seconds
[ScriptCompilation] Requested script compilation because: AssetDatabase observed changes in script compilation related files
Starting: C:\Program Files\Unity\Hub\Editor\6000.5.3f1\Editor\Data\Tools\BuildPipeline\bee_backend.exe --ipc --defer-dag-verification --dagfile="Library/Bee/1900b0aE.dag" --continue-on-failure --profile="Library/Bee/backend1.traceevents" ScriptAssemblies
WorkingDir: C:/Users/vipgo/Dev/PBL2
DisplayProgressbar: Compiling Scripts
ExitCode: 4 Duration: 6s73ms
Rebuilding DAG because FileSignature timestamp changed: Library/Bee/1900b0aE-inputdata.json
[243/249    5s] Csc Library/Bee/artifacts/1900b0aE.dag/Assembly-CSharp.dll (+2 others)
Assets\Scripts\Audio\AudioManager.cs(36,18): warning CS0114: 'AudioManager.OnDestroy()' hides inherited member 'Singleton<AudioManager>.OnDestroy()'. To make the current member override that implementation, add the override keyword. Otherwise add the new keyword.

Assets\Scripts\Core\Singleton.cs(17,29): warning CS0618: 'Object.FindObjectOfType<T>()' is obsolete: 'Object.FindObjectOfType has been deprecated. Use Object.FindAnyObjectByType instead.'

Assets\Scripts\Game\MainScreenManager.cs(80,25): warning CS0618: 'Object.FindObjectOfType<T>()' is obsolete: 'Object.FindObjectOfType has been deprecated. Use Object.FindAnyObjectByType instead.'

Assets\Scripts\UI\MainScreenUIBuilder.cs(51,13): warning CS0618: 'Object.FindObjectOfType<T>()' is obsolete: 'Object.FindObjectOfType has been deprecated. Use Object.FindAnyObjectByType instead.'

Assets\Scripts\UI\UIManager.cs(16,27): warning CS0618: 'Object.FindObjectOfType<T>()' is obsolete: 'Object.FindObjectOfType has been deprecated. Use Object.FindAnyObjectByType instead.'

Assets\Scripts\UI\TitleScreenUIBuilder.cs(361,13): warning CS0618: 'Object.FindObjectOfType<T>()' is obsolete: 'Object.FindObjectOfType has been deprecated. Use Object.FindAnyObjectByType instead.'

Assets\Scripts\UI\RatingUIBuilder.cs(290,35): warning CS0618: 'Object.FindObjectOfType<T>()' is obsolete: 'Object.FindObjectOfType has been deprecated. Use Object.FindAnyObjectByType instead.'

Assets\Scripts\UI\CustomerAppearanceUIBuilder.cs(273,29): warning CS0618: 'Object.FindObjectOfType<T>()' is obsolete: 'Object.FindObjectOfType has been deprecated. Use Object.FindAnyObjectByType instead.'
*** Tundra requires additional run (5.85 seconds), 1 items updated, 242 evaluated
Starting: C:\Program Files\Unity\Hub\Editor\6000.5.3f1\Editor\Data\netcorerun\netcorerun.exe "C:\Program Files\Unity\Hub\Editor\6000.5.3f1\Editor\Data\Tools\BuildPipeline\ScriptCompilationBuildProgram.exe" "Library/Bee/1900b0aE.dag.json" "Library/Bee/1900b0aE-inputdata.json" "Library\Bee\buildprogram0.traceevents"
WorkingDir: C:/Users/vipgo/Dev/PBL2
ExitCode: 0 Duration: 3s509ms
Starting: C:\Program Files\Unity\Hub\Editor\6000.5.3f1\Editor\Data\Tools\BuildPipeline\bee_backend.exe --ipc --defer-dag-verification --dagfile="Library/Bee/1900b0aE.dag" --continue-on-failure --dagfilejson="Library\Bee\1900b0aE.dag.json" --profile="Library/Bee/backend2.traceevents" ScriptAssemblies
WorkingDir: C:/Users/vipgo/Dev/PBL2
ExitCode: 0 Duration: 6s178ms
Finished compiling graph: 252 nodes, 2382 flattened edges (2244 ToBuild, 22 ToUse), maximum node priority 123
[196/249    0s] WriteText Library/Bee/artifacts/1900b0aE.dag/Assembly-CSharp-Editor.rsp
[244/249    0s] CopyFiles Library/ScriptAssemblies/Assembly-CSharp.dll
[245/249    0s] CopyFiles Library/ScriptAssemblies/Assembly-CSharp.pdb
[246/249    5s] Csc Library/Bee/artifacts/1900b0aE.dag/Assembly-CSharp-Editor.dll (+2 others)
Assets\Editor\TitleSceneSetupTool.cs(24,25): warning CS0618: 'Object.FindObjectOfType<T>()' is obsolete: 'Object.FindObjectOfType has been deprecated. Use Object.FindAnyObjectByType instead.'
[247/249    0s] CopyFiles Library/ScriptAssemblies/Assembly-CSharp-Editor.pdb
[248/249    0s] CopyFiles Library/ScriptAssemblies/Assembly-CSharp-Editor.dll
*** Tundra build success (6.14 seconds), 6 items updated, 249 evaluated
Assets\Scripts\Audio\AudioManager.cs(36,18): warning CS0114: 'AudioManager.OnDestroy()' hides inherited member 'Singleton<AudioManager>.OnDestroy()'. To make the current member override that implementation, add the override keyword. Otherwise add the new keyword.
Assets\Scripts\Core\Singleton.cs(17,29): warning CS0618: 'Object.FindObjectOfType<T>()' is obsolete: 'Object.FindObjectOfType has been deprecated. Use Object.FindAnyObjectByType instead.'
Assets\Scripts\Game\MainScreenManager.cs(80,25): warning CS0618: 'Object.FindObjectOfType<T>()' is obsolete: 'Object.FindObjectOfType has been deprecated. Use Object.FindAnyObjectByType instead.'
Assets\Scripts\UI\MainScreenUIBuilder.cs(51,13): warning CS0618: 'Object.FindObjectOfType<T>()' is obsolete: 'Object.FindObjectOfType has been deprecated. Use Object.FindAnyObjectByType instead.'
Assets\Scripts\UI\UIManager.cs(16,27): warning CS0618: 'Object.FindObjectOfType<T>()' is obsolete: 'Object.FindObjectOfType has been deprecated. Use Object.FindAnyObjectByType instead.'
Assets\Scripts\UI\TitleScreenUIBuilder.cs(361,13): warning CS0618: 'Object.FindObjectOfType<T>()' is obsolete: 'Object.FindObjectOfType has been deprecated. Use Object.FindAnyObjectByType instead.'
Assets\Scripts\UI\RatingUIBuilder.cs(290,35): warning CS0618: 'Object.FindObjectOfType<T>()' is obsolete: 'Object.FindObjectOfType has been deprecated. Use Object.FindAnyObjectByType instead.'
Assets\Scripts\UI\CustomerAppearanceUIBuilder.cs(273,29): warning CS0618: 'Object.FindObjectOfType<T>()' is obsolete: 'Object.FindObjectOfType has been deprecated. Use Object.FindAnyObjectByType instead.'
Assets\Editor\TitleSceneSetupTool.cs(24,25): warning CS0618: 'Object.FindObjectOfType<T>()' is obsolete: 'Object.FindObjectOfType has been deprecated. Use Object.FindAnyObjectByType instead.'
Total cache size 30056532
Total cache size after purge 30056532, took 00:00:00.1042563
AssetDatabase: script compilation time: 17.616376s
Begin MonoManager ReloadAssembly
Native extension for WindowsStandalone target not found
Native extension for WebGL target not found
ScheduleIndexationOnStartup MainProcess:True IndexOnStartup:True
Mono: successfully reloaded assembly
- Finished resetting the current domain, in  0.536 seconds
Domain Reload Profiling: 1240ms
	BeginReloadAssembly (295ms)
		DisableScriptedObjects (54ms)
		CreateAndSetChildDomain (50ms)
	RebuildCommonClasses (8ms)
	RebuildNativeTypeToScriptingClass (14ms)
	initialDomainReloadingComplete (53ms)
	LoadAllAssembliesAndSetupDomain (331ms)
		LoadAssemblies (316ms)
		AnalyzeDomain (33ms)
			TypeCache.Refresh (20ms)
				TypeCache.ScanAssembly (12ms)
			BuildScriptInfoCaches (7ms)
	FinalizeReload (539ms)
		SetupLoadedEditorAssemblies (0ms)
			InitializePlatformSupportModulesInManaged (4ms)
			BeforeProcessingInitializeOnLoad (91ms)
			ProcessInitializeOnLoadAttributes (98ms)
			ProcessInitializeOnLoadMethodAttributes (92ms)
			AfterProcessingInitializeOnLoad (8ms)
		AwakeInstancesAfterBackupRestoration (25ms)
Starting new worker id: 0 with log in C:/Users/vipgo/Dev/PBL2/Logs/AssetImportWorkerHW0.log

Asset Pipeline Refresh (id=961893ea03665b941a45c3784f6502a0): Total: 22.396 seconds - Initiated by InitialRefreshV2(ForceSynchronousImport)
	(Values over 0.05ms)
	Summary:
		Imports: total=0 (actual=0, local cache=0, cache server=0)
		Asset DB Process Time: managed=0 ms, native=3852 ms
		Asset DB Callback time: managed=86 ms, native=74 ms
		Scripting: domain reloads=1, domain reload time=738 ms, compile time=17619 ms, other=26 ms
		Project Asset Count: scripts=295, non-scripts=590
		Asset File Changes: new=1, changed=3, moved=0, deleted=0
		Scan Filter Count: 0
	InvokePackagesCallback: 69.457ms
	ApplyChangesToAssetFolders: 0.534ms
	Scan: 140.422ms
	Collect global state as custom dependencies: 4.705ms
	OnSourceAssetsModified: 1.448ms
	CategorizeScriptCompilationAssets: 1.769ms
	ProcessAssetsWithTransientArtifactChanges: 11.707ms
	CategorizeAssets: 9.165ms
	CompileScripts: 17618.969ms
	ImportOutOfDateAssets: 561.432ms (545.317ms without children)
		UnloadImportedAssets: 0.124ms
		EnsureUptoDateAssetsAreRegisteredWithGuidPM: 0.130ms
		ImportSchedulerStart: 15.855ms
	PostProcessAllAssets: 90.257ms
		VCAutoAddAssetPostprocess 2.554ms
		WindowTitlePostprocess 0.352ms
		PostProcessCallbackCreateDeferredMaterials 0.311ms
		AssemblyValidation.PostprocessAllAssets 0.214ms
		VersionControlSettings.HiddenFilePostprocess 0.076ms
		MonoPostProcessAllAssets: 84.903ms
			StyleCatalogPostProcessor.OnPostprocessAllAssets 24.370ms
			AssetPostprocessor.OnPostprocessAllAssets 23.176ms
			WindowAssetPostprocessingWatcher.OnPostprocessAllAssets 10.258ms
			BuilderAssetPostprocessor.OnPostprocessAllAssets 4.423ms
			SpriteSlicePostprocessor.OnPostprocessAllAssets 2.270ms
			AssetChangedListener.OnPostprocessAllAssets 2.101ms
			SyncVS.PostprocessSyncProject 1.594ms
			RetainedModeAssetPostprocessor.OnPostprocessAllAssets 1.572ms
			EditModeScopePostprocessor.OnPostprocessAllAssets 0.862ms
			SpeedTree9Postprocessor.OnPostprocessAllAssets 0.681ms
			TextAssetPostProcessor.OnPostprocessAllAssets 0.535ms
			TMPro_TexturePostProcessor.OnPostprocessAllAssets 0.523ms
			ArtifactBrowserPostProcessor.OnPostprocessAllAssets 0.513ms
			SpriteEditorTexturePostprocessor.OnPostprocessAllAssets 0.453ms
			ReferencedClipsPostProcessor.OnPostprocessAllAssets 0.309ms
			AssetEvents.OnPostprocessAllAssets 0.240ms
			AudioMixerPostprocessor.OnPostprocessAllAssets 0.230ms
			TerrainToolbarOverlayPostProcessor.OnPostprocessAllAssets 0.205ms
			AssetDatabaseCallbacks.OnPostprocessAllAssets 0.170ms
			SpeedTreePostProcessor.OnPostprocessAllAssets 0.133ms
			ConfigAssetsTracker.OnPostprocessAllAssets 0.120ms
			ScenarioDriftAssetsTracker.OnPostprocessAllAssets 0.114ms
			RenderPipelineGlobalSettingsPostprocessor.OnPostprocessAllAssets 0.094ms
			AudioContainerPostProcessor.OnPostprocessAllAssets 0.065ms
	PostAssetChangesProfiler: 2.078ms
	UnloadStreamsBegin: 1.579ms
	GenerateScriptTypeHashes: 1.968ms
	GenerateScriptTypeSerializationHashes: 3.994ms
	Untracked: 3873.156ms

Application.AssetDatabase Initial Refresh End
Scanning for USB devices : 2.958ms
Initializing Unity extensions:
[MODES] ModeService[none].Initialize
[MODES] ModeService[none].LoadModes
[MODES] Loading mode Default (0) for mode-current-id-PBL2
Unloading 3 Unused Serialized files (Serialized files now loaded: 0)
Unloading 517 unused Assets / (0.6 MB). Loaded Objects now: 1164.
Memory consumption went from 197.4 MB to 196.8 MB.
Total: 7.070100 ms (FindLiveObjects: 0.129500 ms CreateObjectMapping: 0.111700 ms MarkObjects: 6.189900 ms  DeleteObjects: 0.447500 ms)

Opening scene 'Assets/Scenes/Title.unity'
Unloading 4 Unused Serialized files (Serialized files now loaded: 0)
Loaded scene 'Assets/Scenes/Title.unity'
	Deserialize:            24.282 ms
	Integration:            11.604 ms
	Integration of assets:  0.492 ms
	Thread Wait Time:       0.028 ms
	Total Operation Time:   36.406 ms
Unloading 4 unused Assets / (6.3 KB). Loaded Objects now: 1173.
Memory consumption went from 191.8 MB to 191.8 MB.
Total: 5.058000 ms (FindLiveObjects: 0.092400 ms CreateObjectMapping: 0.044900 ms MarkObjects: 4.819700 ms  DeleteObjects: 0.097800 ms)

Importing 'GUID: 6becdb50092b4ed4f88e18c380ceac57 - Path: Assets/Scenes/Title.unity' with importer (DefaultImporter)
Imported 'GUID: 6becdb50092b4ed4f88e18c380ceac57' -> (Import Result ID: 'f36fe84b8afcca49d0e9fa419f5ce7a6') in 0.010 seconds [static dependencies only]. Details - ImportResultOutputID=30499f181bc4d538cb7273a07ad73c8e DependenciesID=8879393e394473daa864dfdc413cb6c7 StaticDependenciesID=debe9f12f78253e1d1f98c03f77041c7 
Asset Pipeline Refresh (id=06d44db85aa3ae448bd687746a3d4d84): Total: 0.046 seconds - Initiated by StopAssetImportingV2(NoUpdateAssetOptions)
STEP 1: Canvas, Background, TopLogo, TitleText successfully configured in Title Scene.
UnityEngine.Debug:ExtractStackTraceNoAlloc (byte*,int,string)
UnityEngine.StackTraceUtility:ExtractStackTrace ()
UnityEngine.DebugLogHandler:Internal_Log (UnityEngine.LogType,UnityEngine.LogOption,string,UnityEngine.Object)
UnityEngine.DebugLogHandler:LogFormat (UnityEngine.LogType,UnityEngine.Object,string,object[])
UnityEngine.Logger:Log (UnityEngine.LogType,object)
UnityEngine.Debug:Log (object)
TitleSceneSetupTool:SetupStep1 () (at Assets/Editor/TitleSceneSetupTool.cs:121)

(Filename: Assets/Editor/TitleSceneSetupTool.cs Line: 121)

Batchmode quit successfully invoked - shutting down!
Curl error 42: Callback aborted
[Physics::Module] Cleanup current backend.
[Physics::Module] Id: 0xf2b8ea05
Input System module state changed to: ShutdownInProgress.
Input Polling Thread exited.
Input System module state changed to: Shutdown.
[Licensing::IpcConnector] LicenseClient-vipgo-6000.5.3-notifications channel disconnected successfully.
[Licensing::IpcConnector] LicenseClient-vipgo-6000.5.3 channel disconnected successfully.
AcceleratorClientConnectionCallback - disconnected - :0
Cleanup mono
CodeReloadManager destroyed
Exiting batchmode successfully now!
Exiting without the bug reporter. Application will terminate with return code 0