[Licensing::Module] Trying to connect to existing licensing client channel...
Built from '6000.5/staging' branch; Version is '6000.5.3f1 (c2eb47b3a2a9) revision 12774215'; Using compiler version '194234433'; Build Type 'Release'
[Licensing::IpcConnector] Successfully connected to: "LicenseClient-vipgo" at "2026-07-16T04:27:10.6806218Z"
OS: 'Windows 11  (10.0.26200) Core' Language: 'ko' Physical Memory: 15776 MB
BatchMode: 1, IsHumanControllingUs: 0, StartBugReporterOnCrash: 0, Is64bit: 1
System  architecture: x64
Process architecture: x64
Date: 2026-07-16T04:27:10Z

COMMAND LINE ARGUMENTS:
C:\Program Files\Unity\Hub\Editor\6000.5.3f1\Editor\Unity.exe
-quit
-batchmode
-projectPath
C:\Users\vipgo\Dev\PBL2
-executeMethod
TitleSceneSetupTool.SetupFinal
-logFile
C:\Users\vipgo\Dev\PBL2\unity_setup_final.log
Successfully changed project path to: C:\Users\vipgo\Dev\PBL2
C:/Users/vipgo/Dev/PBL2
[UnityMemory] Configuration Parameters - Can be set up in boot.config
    "memorysetup-temp-allocator-size-gi-baking-worker=262144"
    "memorysetup-temp-allocator-size-gi-baking-worker=262144"
    "memorysetup-temp-allocator-size-gi-baking-worker=262144"
    "memorysetup-temp-allocator-size-gi-baking-worker=262144"
    "memorysetup-temp-allocator-size-gi-baking-worker=262144"
    "memorysetup-temp-allocator-size-nav-mesh-worker=65536"
    "memorysetup-temp-allocator-size-audio-worker=65536"
    "memorysetup-temp-allocator-size-cloud-worker=32768"
    "memorysetup-temp-allocator-size-gfx=262144"
    "memorysetup-temp-allocator-size-preload-manager=33554432"
    "memorysetup-allocator-temp-initial-block-size-main=262144"
    "memorysetup-allocator-temp-initial-block-size-worker=262144"
    "memorysetup-temp-allocator-size-job-worker=262144"
    "memorysetup-temp-allocator-size-background-worker=32768"
    "memorysetup-bucket-allocator-granularity=16"
    "memorysetup-bucket-allocator-bucket-count=8"
    "memorysetup-bucket-allocator-block-size=33554432"
    "memorysetup-bucket-allocator-block-count=8"
    "memorysetup-main-allocator-block-size=16777216"
    "memorysetup-thread-allocator-block-size=16777216"
    "memorysetup-main-allocator-mimalloc-enabled=0"
    "memorysetup-gfx-main-allocator-block-size=16777216"
    "memorysetup-gfx-thread-allocator-block-size=16777216"
    "memorysetup-cache-allocator-block-size=4194304"
    "memorysetup-typetree-allocator-block-size=2097152"
    "memorysetup-profiler-bucket-allocator-granularity=16"
    "memorysetup-profiler-bucket-allocator-bucket-count=8"
    "memorysetup-profiler-bucket-allocator-block-size=33554432"
    "memorysetup-profiler-bucket-allocator-block-count=8"
    "memorysetup-profiler-allocator-block-size=16777216"
    "memorysetup-profiler-editor-allocator-block-size=1048576"
    "memorysetup-temp-allocator-size-main=16777216"
    "memorysetup-job-temp-allocator-block-size=2097152"
    "memorysetup-job-temp-allocator-block-size-background=1048576"
    "memorysetup-job-temp-allocator-reduction-small-platforms=262144"
Logging is directed to a specific file, skipping project log.Player connection [1972]  Target information:

Player connection [1972]  * "[IP] 192.168.0.51 [Port] 55504 [Flags] 2 [Guid] 3373709556 [EditorId] 3373709556 [Version] 1048832 [Id] WindowsEditor(7,T1grianthus) [Debug] 1 [PackageName] WindowsEditor [ProjectName] Editor" 

Player connection [1972] Host joined multi-casting on [225.0.0.222:54997]...
Player connection [1972] Host joined alternative multi-casting on [225.0.0.222:34997]...
Input System module state changed to: Initialized.
[Physics::Module] Initialized fallback backend.
[Physics::Module] Id: 0xdecafbad
[Package Manager] Connected to IPC stream "Upm-14360" after 0.5 seconds.
[Licensing::Module] Licensing is not yet initialized.
[Licensing::Client] Error: HandshakeResponse reported an error:
	ResponseCode: 505
	ResponseStatus: Unsupported protocol version '1.18.1'.
[Licensing::Module] Error: Failed to handshake to channel: "LicenseClient-vipgo"
[Licensing::IpcConnector] LicenseClient-vipgo channel disconnected successfully.
[Licensing::IpcConnector] Channel LicenseClient-vipgo-6000.5.3 doesn't exist
[Licensing::Module] Successfully launched the LicensingClient (PId: 4048)
[Licensing::IpcConnector] Successfully connected to: "LicenseClient-vipgo-6000.5.3" at "2026-07-16T04:27:14.0533383Z"
[Licensing::Client] Code 10 while verifying Licensing Client signature (process Id: 4048, path: "C:/Program Files/Unity/Hub/Editor/6000.5.3f1/Editor/Data/Resources/Licensing/Client/Unity.Licensing.Client.exe")
[Licensing::Module] LicensingClient has failed validation; ignoring
[Licensing::Client] Handshaking with LicensingClient:
  Version:                 1.18.1+9fbee8e
  Session Id:              8812e44654674946acebab01ba7c85ac
  Correlation Id:          92fbf07ffb35a08052be336434cf440c
  External correlation Id: 6611454639218322687
  Machine Id:              ODM7uYFPUhyn56Da4Y+F+Y1CjuM=
[Licensing::Module] Successfully connected to LicensingClient on channel: "LicenseClient-vipgo-6000.5.3" (connect: 0.85s, validation: 0.32s, handshake: 0.01s)
[Licensing::IpcConnector] Successfully connected to: "LicenseClient-vipgo-6000.5.3-notifications" at "2026-07-16T04:27:14.3880405Z"
[Licensing::Module] Connected to LicensingClient (PId: 4048, launch time: 0.01, total connection time: 1.19s)
[Licensing::Module] Error: Access token is unavailable; failed to update
[Licensing::Client] Successfully resolved entitlement details
[Licensing::Module] License group:
  Id: 14569777524809-UnityPersXXXX
  Product: Unity Personal
  Type: Assigned
  Expiration: Unlimited
[Licensing::Client] Successfully updated license, isAsync: True, time: 0.02
[Licensing::Client] Successfully resolved entitlement details
[Licensing::Module] Licensing Background thread has ended after 3.79s
[Licensing::Module] Licensing is initialized (took 2.59s).
[Licensing::Client] Successfully resolved entitlement details
Library Redirect Path: Library/
[Physics::Module] Selected backend.
[Physics::Module] Name: PhysX
[Physics::Module] Id: 0xf2b8ea05
[Physics::Module] SDK Version: 4.1.2
[Physics::Module] Integration Version: 1.0.0
[Physics::Module] Threading Mode: Multi-Threaded
Artifact Garbage Collection - Removed 1 unused hashed content files
Initialize engine version: 6000.5.3f1 (c2eb47b3a2a9)
[Subsystems] Discovering subsystems at path C:/Program Files/Unity/Hub/Editor/6000.5.3f1/Editor/Data/Resources/UnitySubsystems
[Subsystems] Discovering subsystems at path C:/Users/vipgo/Dev/PBL2/Assets
GfxDevice: creating device client; kGfxThreadingModeNonThreaded
Direct3D:
    Version:  Direct3D 11.0 [level 11.1]
    Renderer: Intel(R) Arc(TM) 130T GPU (8GB) (ID=0x7d51)
    Vendor:   Intel
    VRAM:     8992 MB
    Driver:   32.0.101.6104
Initialize mono
Mono path[0] = 'C:/Program Files/Unity/Hub/Editor/6000.5.3f1/Editor/Data/Managed'
Mono path[1] = 'C:/Program Files/Unity/Hub/Editor/6000.5.3f1/Editor/Data/BCLExtensions/runtime/netstandard2.1'
Mono path[2] = 'C:/Program Files/Unity/Hub/Editor/6000.5.3f1/Editor/Data/MonoBleedingEdge/lib/mono/unityjit-win32'
Mono config path = 'C:/Program Files/Unity/Hub/Editor/6000.5.3f1/Editor/Data/MonoBleedingEdge/etc'
Using monoOptions --debugger-agent=transport=dt_socket,embedding=1,server=y,suspend=n,address=127.0.0.1:56360
CodeReloadManager initialized
ImportWorker Server TCP listen port: 0
AcceleratorClientConnectionCallback - disconnected - :0
Begin MonoManager ReloadAssembly
Registering precompiled unity dll's ...
Register platform support module: C:/Program Files/Unity/Hub/Editor/6000.5.3f1/Editor/Data/PlaybackEngines/WebGLSupport/UnityEditor.WebGL.Extensions.dll
Register platform support module: C:/Program Files/Unity/Hub/Editor/6000.5.3f1/Editor/Data/PlaybackEngines/WindowsStandaloneSupport/UnityEditor.WindowsStandalone.Extensions.dll
Registered in 0.005078 seconds.
Native extension for WindowsStandalone target not found
Native extension for WebGL target not found
Package Manager log level set to [2]
ScheduleIndexationOnStartup MainProcess:False IndexOnStartup:True
Mono: successfully reloaded assembly
- Finished resetting the current domain, in  1.645 seconds
Domain Reload Profiling: 3034ms
	BeginReloadAssembly (302ms)
		CreateAndSetChildDomain (5ms)
	RebuildCommonClasses (14ms)
	RebuildNativeTypeToScriptingClass (35ms)
	initialDomainReloadingComplete (159ms)
	LoadAllAssembliesAndSetupDomain (869ms)
		LoadAssemblies (292ms)
		AnalyzeDomain (544ms)
			TypeCache.Refresh (539ms)
				TypeCache.ScanAssembly (507ms)
	FinalizeReload (1656ms)
		SetupLoadedEditorAssemblies (0ms)
			InitializePlatformSupportModulesInManaged (10ms)
			BeforeProcessingInitializeOnLoad (299ms)
			ProcessInitializeOnLoadAttributes (308ms)
			ProcessInitializeOnLoadMethodAttributes (758ms)
			EditorAssembliesLoaded (3ms)
[Licensing::Client] Successfully resolved entitlement details
Application.AssetDatabase Initial Refresh Start
[Package Manager] Restoring resolved packages state from cache
[Licensing::Client] Successfully resolved entitlement details
[Package Manager] Registered 39 packages:
  Built-in packages:
    com.unity.2d.sprite@1.0.0 (location: C:\Users\vipgo\Dev\PBL2\Library\PackageCache\com.unity.2d.sprite@053a968eab56)
    com.unity.multiplayer.center@1.0.1 (location: C:\Users\vipgo\Dev\PBL2\Library\PackageCache\com.unity.multiplayer.center@b860850997d0)
    com.unity.ugui@2.5.0 (location: C:\Users\vipgo\Dev\PBL2\Library\PackageCache\com.unity.ugui@377fd60ad87b)
    com.unity.modules.accessibility@1.0.0 (location: C:\Users\vipgo\Dev\PBL2\Library\PackageCache\com.unity.modules.accessibility)
    com.unity.modules.adaptiveperformance@1.0.0 (location: C:\Users\vipgo\Dev\PBL2\Library\PackageCache\com.unity.modules.adaptiveperformance)
    com.unity.modules.ai@1.0.0 (location: C:\Users\vipgo\Dev\PBL2\Library\PackageCache\com.unity.modules.ai)
    com.unity.modules.androidjni@1.0.0 (location: C:\Users\vipgo\Dev\PBL2\Library\PackageCache\com.unity.modules.androidjni)
    com.unity.modules.animation@1.0.0 (location: C:\Users\vipgo\Dev\PBL2\Library\PackageCache\com.unity.modules.animation)
    com.unity.modules.assetbundle@1.0.0 (location: C:\Users\vipgo\Dev\PBL2\Library\PackageCache\com.unity.modules.assetbundle)
    com.unity.modules.audio@1.0.0 (location: C:\Users\vipgo\Dev\PBL2\Library\PackageCache\com.unity.modules.audio)
    com.unity.modules.cloth@1.0.0 (location: C:\Users\vipgo\Dev\PBL2\Library\PackageCache\com.unity.modules.cloth)
    com.unity.modules.director@1.0.0 (location: C:\Users\vipgo\Dev\PBL2\Library\PackageCache\com.unity.modules.director)
    com.unity.modules.imageconversion@1.0.0 (location: C:\Users\vipgo\Dev\PBL2\Library\PackageCache\com.unity.modules.imageconversion)
    com.unity.modules.imgui@1.0.0 (location: C:\Users\vipgo\Dev\PBL2\Library\PackageCache\com.unity.modules.imgui)
    com.unity.modules.jsonserialize@1.0.0 (location: C:\Users\vipgo\Dev\PBL2\Library\PackageCache\com.unity.modules.jsonserialize)
    com.unity.modules.particlesystem@1.0.0 (location: C:\Users\vipgo\Dev\PBL2\Library\PackageCache\com.unity.modules.particlesystem)
    com.unity.modules.physics@1.0.0 (location: C:\Users\vipgo\Dev\PBL2\Library\PackageCache\com.unity.modules.physics)
    com.unity.modules.physics2d@1.0.0 (location: C:\Users\vipgo\Dev\PBL2\Library\PackageCache\com.unity.modules.physics2d)
    com.unity.modules.physicscore2d@1.0.0 (location: C:\Users\vipgo\Dev\PBL2\Library\PackageCache\com.unity.modules.physicscore2d)
    com.unity.modules.screencapture@1.0.0 (location: C:\Users\vipgo\Dev\PBL2\Library\PackageCache\com.unity.modules.screencapture)
    com.unity.modules.terrain@1.0.0 (location: C:\Users\vipgo\Dev\PBL2\Library\PackageCache\com.unity.modules.terrain)
    com.unity.modules.terrainphysics@1.0.0 (location: C:\Users\vipgo\Dev\PBL2\Library\PackageCache\com.unity.modules.terrainphysics)
    com.unity.modules.tilemap@1.0.0 (location: C:\Users\vipgo\Dev\PBL2\Library\PackageCache\com.unity.modules.tilemap)
    com.unity.modules.ui@1.0.0 (location: C:\Users\vipgo\Dev\PBL2\Library\PackageCache\com.unity.modules.ui)
    com.unity.modules.uielements@1.0.0 (location: C:\Users\vipgo\Dev\PBL2\Library\PackageCache\com.unity.modules.uielements)
    com.unity.modules.umbra@1.0.0 (location: C:\Users\vipgo\Dev\PBL2\Library\PackageCache\com.unity.modules.umbra)
    com.unity.modules.unityanalytics@1.0.0 (location: C:\Users\vipgo\Dev\PBL2\Library\PackageCache\com.unity.modules.unityanalytics)
    com.unity.modules.unitywebrequest@1.0.0 (location: C:\Users\vipgo\Dev\PBL2\Library\PackageCache\com.unity.modules.unitywebrequest)
    com.unity.modules.unitywebrequestassetbundle@1.0.0 (location: C:\Users\vipgo\Dev\PBL2\Library\PackageCache\com.unity.modules.unitywebrequestassetbundle)
    com.unity.modules.unitywebrequestaudio@1.0.0 (location: C:\Users\vipgo\Dev\PBL2\Library\PackageCache\com.unity.modules.unitywebrequestaudio)
    com.unity.modules.unitywebrequesttexture@1.0.0 (location: C:\Users\vipgo\Dev\PBL2\Library\PackageCache\com.unity.modules.unitywebrequesttexture)
    com.unity.modules.unitywebrequestwww@1.0.0 (location: C:\Users\vipgo\Dev\PBL2\Library\PackageCache\com.unity.modules.unitywebrequestwww)
    com.unity.modules.vectorgraphics@1.0.0 (location: C:\Users\vipgo\Dev\PBL2\Library\PackageCache\com.unity.modules.vectorgraphics)
    com.unity.modules.vehicles@1.0.0 (location: C:\Users\vipgo\Dev\PBL2\Library\PackageCache\com.unity.modules.vehicles)
    com.unity.modules.video@1.0.0 (location: C:\Users\vipgo\Dev\PBL2\Library\PackageCache\com.unity.modules.video)
    com.unity.modules.wind@1.0.0 (location: C:\Users\vipgo\Dev\PBL2\Library\PackageCache\com.unity.modules.wind)
    com.unity.modules.xr@1.0.0 (location: C:\Users\vipgo\Dev\PBL2\Library\PackageCache\com.unity.modules.xr)
    com.unity.modules.subsystems@1.0.0 (location: C:\Users\vipgo\Dev\PBL2\Library\PackageCache\com.unity.modules.subsystems)
    com.unity.modules.hierarchycore@1.0.0 (location: C:\Users\vipgo\Dev\PBL2\Library\PackageCache\com.unity.modules.hierarchycore)
[Subsystems] No new subsystems found in resolved package list.
[Package Manager] Done registering packages in 0.06 seconds
[ScriptCompilation] Requested script compilation because: AssetDatabase observed changes in script compilation related files
Starting: C:\Program Files\Unity\Hub\Editor\6000.5.3f1\Editor\Data\Tools\BuildPipeline\bee_backend.exe --ipc --defer-dag-verification --dagfile="Library/Bee/1900b0aE.dag" --continue-on-failure --profile="Library/Bee/backend1.traceevents" ScriptAssemblies
WorkingDir: C:/Users/vipgo/Dev/PBL2
DisplayProgressbar: Compiling Scripts
ExitCode: 0 Duration: 4s78ms
[246/249    3s] Csc Library/Bee/artifacts/1900b0aE.dag/Assembly-CSharp-Editor.dll (+2 others)
Assets\Editor\TitleSceneSetupTool.cs(24,25): warning CS0618: 'Object.FindObjectOfType<T>()' is obsolete: 'Object.FindObjectOfType has been deprecated. Use Object.FindAnyObjectByType instead.'

Assets\Editor\TitleSceneSetupTool.cs(137,25): warning CS0618: 'Object.FindObjectOfType<T>()' is obsolete: 'Object.FindObjectOfType has been deprecated. Use Object.FindAnyObjectByType instead.'

Assets\Editor\TitleSceneSetupTool.cs(282,25): warning CS0618: 'Object.FindObjectOfType<T>()' is obsolete: 'Object.FindObjectOfType has been deprecated. Use Object.FindAnyObjectByType instead.'
[247/249    0s] CopyFiles Library/ScriptAssemblies/Assembly-CSharp-Editor.pdb
[248/249    0s] CopyFiles Library/ScriptAssemblies/Assembly-CSharp-Editor.dll
*** Tundra build success (3.99 seconds), 3 items updated, 249 evaluated
Assets\Editor\TitleSceneSetupTool.cs(24,25): warning CS0618: 'Object.FindObjectOfType<T>()' is obsolete: 'Object.FindObjectOfType has been deprecated. Use Object.FindAnyObjectByType instead.'
Assets\Editor\TitleSceneSetupTool.cs(137,25): warning CS0618: 'Object.FindObjectOfType<T>()' is obsolete: 'Object.FindObjectOfType has been deprecated. Use Object.FindAnyObjectByType instead.'
Assets\Editor\TitleSceneSetupTool.cs(282,25): warning CS0618: 'Object.FindObjectOfType<T>()' is obsolete: 'Object.FindObjectOfType has been deprecated. Use Object.FindAnyObjectByType instead.'
Total cache size 30056532
Total cache size after purge 30056532, took 00:00:00.0670961
AssetDatabase: script compilation time: 5.801355s
Begin MonoManager ReloadAssembly
Native extension for WindowsStandalone target not found
Native extension for WebGL target not found
ScheduleIndexationOnStartup MainProcess:True IndexOnStartup:True
Mono: successfully reloaded assembly
- Finished resetting the current domain, in  0.737 seconds
Domain Reload Profiling: 1575ms
	BeginReloadAssembly (453ms)
		DisableScriptedObjects (53ms)
		CreateAndSetChildDomain (107ms)
	RebuildCommonClasses (15ms)
	RebuildNativeTypeToScriptingClass (36ms)
	initialDomainReloadingComplete (81ms)
	LoadAllAssembliesAndSetupDomain (248ms)
		LoadAssemblies (233ms)
		AnalyzeDomain (46ms)
			TypeCache.Refresh (27ms)
				TypeCache.ScanAssembly (16ms)
			BuildScriptInfoCaches (11ms)
			ResolveRequiredComponents (4ms)
	FinalizeReload (742ms)
		SetupLoadedEditorAssemblies (0ms)
			InitializePlatformSupportModulesInManaged (4ms)
			BeforeProcessingInitializeOnLoad (158ms)
			ProcessInitializeOnLoadAttributes (153ms)
			ProcessInitializeOnLoadMethodAttributes (134ms)
			AfterProcessingInitializeOnLoad (12ms)
		AwakeInstancesAfterBackupRestoration (40ms)
Starting new worker id: 0 with log in C:/Users/vipgo/Dev/PBL2/Logs/AssetImportWorkerHW0.log

Asset Pipeline Refresh (id=7251ee3935988f9409c8b94fc43cdfe2): Total: 8.316 seconds - Initiated by InitialRefreshV2(ForceSynchronousImport)
	(Values over 0.05ms)
	Summary:
		Imports: total=0 (actual=0, local cache=0, cache server=0)
		Asset DB Process Time: managed=0 ms, native=1330 ms
		Asset DB Callback time: managed=174 ms, native=73 ms
		Scripting: domain reloads=1, domain reload time=887 ms, compile time=5806 ms, other=43 ms
		Project Asset Count: scripts=295, non-scripts=590
		Asset File Changes: new=0, changed=1, moved=0, deleted=0
		Scan Filter Count: 0
	InvokePackagesCallback: 71.061ms
	ApplyChangesToAssetFolders: 4.305ms
	Scan: 289.802ms
	Collect global state as custom dependencies: 29.794ms
	OnSourceAssetsModified: 3.316ms
	CategorizeScriptCompilationAssets: 5.692ms
	ProcessAssetsWithTransientArtifactChanges: 15.421ms
	CategorizeAssets: 13.646ms
	CompileScripts: 5806.310ms
	ImportOutOfDateAssets: 774.719ms (751.415ms without children)
		UnloadImportedAssets: 0.140ms
		EnsureUptoDateAssetsAreRegisteredWithGuidPM: 0.184ms
		ImportSchedulerStart: 22.971ms
	PostProcessAllAssets: 175.038ms
		VCAutoAddAssetPostprocess 2.284ms
		PostProcessCallbackCreateDeferredMaterials 0.059ms
		MonoPostProcessAllAssets: 171.809ms
			AssetPostprocessor.OnPostprocessAllAssets 55.977ms
			StyleCatalogPostProcessor.OnPostprocessAllAssets 32.421ms
			WindowAssetPostprocessingWatcher.OnPostprocessAllAssets 17.840ms
			BuilderAssetPostprocessor.OnPostprocessAllAssets 10.402ms
			SpriteSlicePostprocessor.OnPostprocessAllAssets 9.041ms
			AssetChangedListener.OnPostprocessAllAssets 4.326ms
			SyncVS.PostprocessSyncProject 3.711ms
			RetainedModeAssetPostprocessor.OnPostprocessAllAssets 3.157ms
			SpeedTree9Postprocessor.OnPostprocessAllAssets 2.796ms
			EditModeScopePostprocessor.OnPostprocessAllAssets 2.584ms
			TextAssetPostProcessor.OnPostprocessAllAssets 1.554ms
			SpriteEditorTexturePostprocessor.OnPostprocessAllAssets 1.506ms
			TMPro_TexturePostProcessor.OnPostprocessAllAssets 1.483ms
			ArtifactBrowserPostProcessor.OnPostprocessAllAssets 1.029ms
			ReferencedClipsPostProcessor.OnPostprocessAllAssets 0.788ms
			TerrainToolbarOverlayPostProcessor.OnPostprocessAllAssets 0.615ms
			AssetDatabaseCallbacks.OnPostprocessAllAssets 0.517ms
			AssetEvents.OnPostprocessAllAssets 0.516ms
			SpeedTreePostProcessor.OnPostprocessAllAssets 0.508ms
			AudioMixerPostprocessor.OnPostprocessAllAssets 0.460ms
			ConfigAssetsTracker.OnPostprocessAllAssets 0.319ms
			ScenarioDriftAssetsTracker.OnPostprocessAllAssets 0.219ms
			RenderPipelineGlobalSettingsPostprocessor.OnPostprocessAllAssets 0.207ms
			AudioContainerPostProcessor.OnPostprocessAllAssets 0.131ms
	PostAssetChangesProfiler: 3.582ms
	UnloadStreamsBegin: 11.122ms
	PersistCurrentRevisions: 0.051ms
	GenerateScriptTypeHashes: 3.522ms
	GenerateScriptTypeSerializationHashes: 7.168ms
	Untracked: 1100.132ms

Application.AssetDatabase Initial Refresh End
Launched and connected shader compiler UnityShaderCompiler.exe after 0.03 seconds
Scanning for USB devices : 5.474ms
Initializing Unity extensions:
[MODES] ModeService[none].Initialize
[MODES] ModeService[none].LoadModes
[MODES] Loading mode Default (0) for mode-current-id-PBL2
Unloading 3 Unused Serialized files (Serialized files now loaded: 0)
Unloading 517 unused Assets / (0.6 MB). Loaded Objects now: 1164.
Memory consumption went from 197.7 MB to 197.1 MB.
Total: 10.968200 ms (FindLiveObjects: 0.205400 ms CreateObjectMapping: 0.197900 ms MarkObjects: 9.197800 ms  DeleteObjects: 1.351100 ms)

Opening scene 'Assets/Scenes/Title.unity'
Unloading 4 Unused Serialized files (Serialized files now loaded: 0)
Loaded scene 'Assets/Scenes/Title.unity'
	Deserialize:            22.816 ms
	Integration:            74.253 ms
	Integration of assets:  1.019 ms
	Thread Wait Time:       0.028 ms
	Total Operation Time:   98.116 ms
Unloading 4 unused Assets / (6.3 KB). Loaded Objects now: 1227.
Memory consumption went from 195.9 MB to 195.9 MB.
Total: 8.976700 ms (FindLiveObjects: 0.119000 ms CreateObjectMapping: 0.115800 ms MarkObjects: 8.469400 ms  DeleteObjects: 0.268600 ms)

Importing 'GUID: 6becdb50092b4ed4f88e18c380ceac57 - Path: Assets/Scenes/Title.unity' with importer (DefaultImporter)
Imported 'GUID: 6becdb50092b4ed4f88e18c380ceac57' -> (Import Result ID: 'b2b58b7691d33472aa8d406e807bed62') in 0.016 seconds [static dependencies only]. Details - ImportResultOutputID=30499f181bc4d538cb7273a07ad73c8e DependenciesID=a71d1bb16847b1b652eb61ceae8e9734 StaticDependenciesID=5b0057df3ea8843fb2f860804e402e1b 
Asset Pipeline Refresh (id=4d74ddb4acb32b74593411d52ed92f08): Total: 0.091 seconds - Initiated by StopAssetImportingV2(NoUpdateAssetOptions)
[SetupFinal] 완료: TitleCanvas, Background, TopLogo, TitleText 구성 및 씬 저장 성공.
UnityEngine.Debug:ExtractStackTraceNoAlloc (byte*,int,string)
UnityEngine.StackTraceUtility:ExtractStackTrace ()
UnityEngine.DebugLogHandler:Internal_Log (UnityEngine.LogType,UnityEngine.LogOption,string,UnityEngine.Object)
UnityEngine.DebugLogHandler:LogFormat (UnityEngine.LogType,UnityEngine.Object,string,object[])
UnityEngine.Logger:Log (UnityEngine.LogType,object)
UnityEngine.Debug:Log (object)
TitleSceneSetupTool:SetupFinal () (at Assets/Editor/TitleSceneSetupTool.cs:405)

(Filename: Assets/Editor/TitleSceneSetupTool.cs Line: 405)

Batchmode quit successfully invoked - shutting down!
Curl error 42: Callback aborted
[Physics::Module] Cleanup current backend.
[Physics::Module] Id: 0xf2b8ea05
Input System module state changed to: ShutdownInProgress.
Input Polling Thread exited.
Input System module state changed to: Shutdown.
[Licensing::IpcConnector] LicenseClient-vipgo-6000.5.3-notifications channel disconnected successfully.
[Licensing::IpcConnector] LicenseClient-vipgo-6000.5.3 channel disconnected successfully.
AcceleratorClientConnectionCallback - disconnected - :0
Cleanup mono
CodeReloadManager destroyed
Exiting batchmode successfully now!
Exiting without the bug reporter. Application will terminate with return code 0