[Licensing::Module] Trying to connect to existing licensing client channel...
[Licensing::IpcConnector] Successfully connected to: "LicenseClient-vipgo" at "2026-07-11T06:40:25.1876655Z"
Built from '6000.5/staging' branch; Version is '6000.5.3f1 (c2eb47b3a2a9) revision 12774215'; Using compiler version '194234433'; Build Type 'Release'
OS: 'Windows 11  (10.0.26200) Core' Language: 'ko' Physical Memory: 15776 MB
BatchMode: 1, IsHumanControllingUs: 0, StartBugReporterOnCrash: 0, Is64bit: 1
System  architecture: x64
Process architecture: x64
Date: 2026-07-11T06:40:25Z

COMMAND LINE ARGUMENTS:
C:\Program Files\Unity\Hub\Editor\6000.5.3f1\Editor\Unity.exe
-batchmode
-nographics
-quit
-projectPath
.
-logFile
UnityBuild14.log
Successfully changed project path to: C:/Users/vipgo/Dev/PBL2
C:/Users/vipgo/Dev/PBL2
[UnityMemory] Configuration Parameters - Can be set up in boot.config
    "memorysetup-temp-allocator-size-gi-baking-worker=262144"
    "memorysetup-temp-allocator-size-gi-baking-worker=262144"
    "memorysetup-temp-allocator-size-gi-baking-worker=262144"
    "memorysetup-temp-allocator-size-gi-baking-worker=262144"
    "memorysetup-temp-allocator-size-gi-baking-worker=262144"
    "memorysetup-temp-allocator-size-nav-mesh-worker=65536"
    "memorysetup-temp-allocator-size-audio-worker=65536"
    "memorysetup-temp-allocator-size-cloud-worker=32768"
    "memorysetup-temp-allocator-size-gfx=262144"
    "memorysetup-temp-allocator-size-preload-manager=33554432"
    "memorysetup-allocator-temp-initial-block-size-main=262144"
    "memorysetup-allocator-temp-initial-block-size-worker=262144"
    "memorysetup-temp-allocator-size-job-worker=262144"
    "memorysetup-temp-allocator-size-background-worker=32768"
    "memorysetup-bucket-allocator-granularity=16"
    "memorysetup-bucket-allocator-bucket-count=8"
    "memorysetup-bucket-allocator-block-size=33554432"
    "memorysetup-bucket-allocator-block-count=8"
    "memorysetup-main-allocator-block-size=16777216"
    "memorysetup-thread-allocator-block-size=16777216"
    "memorysetup-main-allocator-mimalloc-enabled=0"
    "memorysetup-gfx-main-allocator-block-size=16777216"
    "memorysetup-gfx-thread-allocator-block-size=16777216"
    "memorysetup-cache-allocator-block-size=4194304"
    "memorysetup-typetree-allocator-block-size=2097152"
    "memorysetup-profiler-bucket-allocator-granularity=16"
    "memorysetup-profiler-bucket-allocator-bucket-count=8"
    "memorysetup-profiler-bucket-allocator-block-size=33554432"
    "memorysetup-profiler-bucket-allocator-block-count=8"
    "memorysetup-profiler-allocator-block-size=16777216"
    "memorysetup-profiler-editor-allocator-block-size=1048576"
    "memorysetup-temp-allocator-size-main=16777216"
    "memorysetup-job-temp-allocator-block-size=2097152"
    "memorysetup-job-temp-allocator-block-size-background=1048576"
    "memorysetup-job-temp-allocator-reduction-small-platforms=262144"
Logging is directed to a specific file, skipping project log.Player connection [79740]  Target information:

Player connection [79740]  * "[IP] 192.168.45.153 [Port] 55504 [Flags] 2 [Guid] 619684701 [EditorId] 619684701 [Version] 1048832 [Id] WindowsEditor(7,T1grianthus) [Debug] 1 [PackageName] WindowsEditor [ProjectName] Editor" 

Player connection [79740] Host joined multi-casting on [225.0.0.222:54997]...
Player connection [79740] Host joined alternative multi-casting on [225.0.0.222:34997]...
Input System module state changed to: Initialized.
[Physics::Module] Initialized fallback backend.
[Physics::Module] Id: 0xdecafbad
[Package Manager] Connected to IPC stream "Upm-10836" after 0.5 seconds.
[Licensing::Module] Licensing is not yet initialized.
[Licensing::Client] Error: HandshakeResponse reported an error:
	ResponseCode: 505
	ResponseStatus: Unsupported protocol version '1.18.1'.
[Licensing::Module] Error: Failed to handshake to channel: "LicenseClient-vipgo"
[Licensing::IpcConnector] LicenseClient-vipgo channel disconnected successfully.
[Licensing::IpcConnector] Channel LicenseClient-vipgo-6000.5.3 doesn't exist
[Licensing::Module] Successfully launched the LicensingClient (PId: 90776)
[Licensing::IpcConnector] Successfully connected to: "LicenseClient-vipgo-6000.5.3" at "2026-07-11T06:40:28.3078624Z"
[Licensing::Client] Code 10 while verifying Licensing Client signature (process Id: 90776, path: "C:/Program Files/Unity/Hub/Editor/6000.5.3f1/Editor/Data/Resources/Licensing/Client/Unity.Licensing.Client.exe")
[Licensing::Module] LicensingClient has failed validation; ignoring
[Licensing::Client] Handshaking with LicensingClient:
  Version:                 1.18.1+9fbee8e
  Session Id:              503d552446c3421fa348354cae9a42db
  Correlation Id:          a76305c58a07003e720de36b66feb3bb
  External correlation Id: 1036623786169735382
  Machine Id:              ODM7uYFPUhyn56Da4Y+F+Y1CjuM=
[Licensing::Module] Successfully connected to LicensingClient on channel: "LicenseClient-vipgo-6000.5.3" (connect: 0.86s, validation: 0.56s, handshake: 0.02s)
[Licensing::IpcConnector] Successfully connected to: "LicenseClient-vipgo-6000.5.3-notifications" at "2026-07-11T06:40:28.8934506Z"
[Licensing::Module] Connected to LicensingClient (PId: 90776, launch time: 0.01, total connection time: 1.44s)
[Licensing::Module] Error: Access token is unavailable; failed to update
[Licensing::Client] Successfully resolved entitlement details
[Licensing::Module] License group:
  Id: 14569777524809-UnityPersXXXX
  Product: Unity Personal
  Type: Assigned
  Expiration: Unlimited
[Licensing::Client] Successfully updated license, isAsync: True, time: 0.02
[Licensing::Client] Successfully resolved entitlement details
[Licensing::Module] Licensing Background thread has ended after 3.79s
[Licensing::Module] Licensing is initialized (took 2.44s).
[Licensing::Client] Successfully resolved entitlement details
Library Redirect Path: Library/
[Physics::Module] Selected backend.
[Physics::Module] Name: PhysX
[Physics::Module] Id: 0xf2b8ea05
[Physics::Module] SDK Version: 4.1.2
[Physics::Module] Integration Version: 1.0.0
[Physics::Module] Threading Mode: Multi-Threaded
Artifact Garbage Collection - Removed 3 unused hashed content files
Initialize engine version: 6000.5.3f1 (c2eb47b3a2a9)
[Subsystems] Discovering subsystems at path C:/Program Files/Unity/Hub/Editor/6000.5.3f1/Editor/Data/Resources/UnitySubsystems
[Subsystems] Discovering subsystems at path C:/Users/vipgo/Dev/PBL2/Assets
Forcing GfxDevice: Null
GfxDevice: creating device client; kGfxThreadingModeNonThreaded
NullGfxDevice:
    Version:  NULL 1.0 [1.0]
    Renderer: Null Device
    Vendor:   Unity Technologies
Initialize mono
Mono path[0] = 'C:/Program Files/Unity/Hub/Editor/6000.5.3f1/Editor/Data/Managed'
Mono path[1] = 'C:/Program Files/Unity/Hub/Editor/6000.5.3f1/Editor/Data/BCLExtensions/runtime/netstandard2.1'
Mono path[2] = 'C:/Program Files/Unity/Hub/Editor/6000.5.3f1/Editor/Data/MonoBleedingEdge/lib/mono/unityjit-win32'
Mono config path = 'C:/Program Files/Unity/Hub/Editor/6000.5.3f1/Editor/Data/MonoBleedingEdge/etc'
Using monoOptions --debugger-agent=transport=dt_socket,embedding=1,server=y,suspend=n,address=127.0.0.1:56836
CodeReloadManager initialized
ImportWorker Server TCP listen port: 0
AcceleratorClientConnectionCallback - disconnected - :0
Begin MonoManager ReloadAssembly
Registering precompiled unity dll's ...
Register platform support module: C:/Program Files/Unity/Hub/Editor/6000.5.3f1/Editor/Data/PlaybackEngines/WebGLSupport/UnityEditor.WebGL.Extensions.dll
Register platform support module: C:/Program Files/Unity/Hub/Editor/6000.5.3f1/Editor/Data/PlaybackEngines/WindowsStandaloneSupport/UnityEditor.WindowsStandalone.Extensions.dll
Registered in 0.003866 seconds.
Native extension for WindowsStandalone target not found
Native extension for WebGL target not found
Package Manager log level set to [2]
ScheduleIndexationOnStartup MainProcess:False IndexOnStartup:True
Mono: successfully reloaded assembly
- Finished resetting the current domain, in  0.957 seconds
Domain Reload Profiling: 2202ms
	BeginReloadAssembly (346ms)
		CreateAndSetChildDomain (14ms)
	RebuildCommonClasses (10ms)
	RebuildNativeTypeToScriptingClass (32ms)
	initialDomainReloadingComplete (141ms)
	LoadAllAssembliesAndSetupDomain (709ms)
		LoadAssemblies (326ms)
		AnalyzeDomain (521ms)
			TypeCache.Refresh (518ms)
				TypeCache.ScanAssembly (488ms)
	FinalizeReload (964ms)
		SetupLoadedEditorAssemblies (0ms)
			InitializePlatformSupportModulesInManaged (10ms)
			BeforeProcessingInitializeOnLoad (220ms)
			ProcessInitializeOnLoadAttributes (263ms)
			ProcessInitializeOnLoadMethodAttributes (294ms)
[Licensing::Client] Successfully resolved entitlement details
Application.AssetDatabase Initial Refresh Start
[Package Manager] Restoring resolved packages state from cache
[Licensing::Client] Successfully resolved entitlement details
[Package Manager] Registered 38 packages:
  Built-in packages:
    com.unity.multiplayer.center@1.0.1 (location: C:\Users\vipgo\Dev\PBL2\Library\PackageCache\com.unity.multiplayer.center@b860850997d0)
    com.unity.modules.accessibility@1.0.0 (location: C:\Users\vipgo\Dev\PBL2\Library\PackageCache\com.unity.modules.accessibility)
    com.unity.modules.adaptiveperformance@1.0.0 (location: C:\Users\vipgo\Dev\PBL2\Library\PackageCache\com.unity.modules.adaptiveperformance)
    com.unity.modules.ai@1.0.0 (location: C:\Users\vipgo\Dev\PBL2\Library\PackageCache\com.unity.modules.ai)
    com.unity.modules.androidjni@1.0.0 (location: C:\Users\vipgo\Dev\PBL2\Library\PackageCache\com.unity.modules.androidjni)
    com.unity.modules.animation@1.0.0 (location: C:\Users\vipgo\Dev\PBL2\Library\PackageCache\com.unity.modules.animation)
    com.unity.modules.assetbundle@1.0.0 (location: C:\Users\vipgo\Dev\PBL2\Library\PackageCache\com.unity.modules.assetbundle)
    com.unity.modules.audio@1.0.0 (location: C:\Users\vipgo\Dev\PBL2\Library\PackageCache\com.unity.modules.audio)
    com.unity.modules.cloth@1.0.0 (location: C:\Users\vipgo\Dev\PBL2\Library\PackageCache\com.unity.modules.cloth)
    com.unity.modules.director@1.0.0 (location: C:\Users\vipgo\Dev\PBL2\Library\PackageCache\com.unity.modules.director)
    com.unity.modules.imageconversion@1.0.0 (location: C:\Users\vipgo\Dev\PBL2\Library\PackageCache\com.unity.modules.imageconversion)
    com.unity.modules.imgui@1.0.0 (location: C:\Users\vipgo\Dev\PBL2\Library\PackageCache\com.unity.modules.imgui)
    com.unity.modules.jsonserialize@1.0.0 (location: C:\Users\vipgo\Dev\PBL2\Library\PackageCache\com.unity.modules.jsonserialize)
    com.unity.modules.particlesystem@1.0.0 (location: C:\Users\vipgo\Dev\PBL2\Library\PackageCache\com.unity.modules.particlesystem)
    com.unity.modules.physics@1.0.0 (location: C:\Users\vipgo\Dev\PBL2\Library\PackageCache\com.unity.modules.physics)
    com.unity.modules.physics2d@1.0.0 (location: C:\Users\vipgo\Dev\PBL2\Library\PackageCache\com.unity.modules.physics2d)
    com.unity.modules.physicscore2d@1.0.0 (location: C:\Users\vipgo\Dev\PBL2\Library\PackageCache\com.unity.modules.physicscore2d)
    com.unity.modules.screencapture@1.0.0 (location: C:\Users\vipgo\Dev\PBL2\Library\PackageCache\com.unity.modules.screencapture)
    com.unity.modules.terrain@1.0.0 (location: C:\Users\vipgo\Dev\PBL2\Library\PackageCache\com.unity.modules.terrain)
    com.unity.modules.terrainphysics@1.0.0 (location: C:\Users\vipgo\Dev\PBL2\Library\PackageCache\com.unity.modules.terrainphysics)
    com.unity.modules.tilemap@1.0.0 (location: C:\Users\vipgo\Dev\PBL2\Library\PackageCache\com.unity.modules.tilemap)
    com.unity.modules.ui@1.0.0 (location: C:\Users\vipgo\Dev\PBL2\Library\PackageCache\com.unity.modules.ui)
    com.unity.ugui@2.5.0 (location: C:\Users\vipgo\Dev\PBL2\Library\PackageCache\com.unity.ugui@377fd60ad87b)
    com.unity.modules.uielements@1.0.0 (location: C:\Users\vipgo\Dev\PBL2\Library\PackageCache\com.unity.modules.uielements)
    com.unity.modules.umbra@1.0.0 (location: C:\Users\vipgo\Dev\PBL2\Library\PackageCache\com.unity.modules.umbra)
    com.unity.modules.unityanalytics@1.0.0 (location: C:\Users\vipgo\Dev\PBL2\Library\PackageCache\com.unity.modules.unityanalytics)
    com.unity.modules.unitywebrequest@1.0.0 (location: C:\Users\vipgo\Dev\PBL2\Library\PackageCache\com.unity.modules.unitywebrequest)
    com.unity.modules.unitywebrequestassetbundle@1.0.0 (location: C:\Users\vipgo\Dev\PBL2\Library\PackageCache\com.unity.modules.unitywebrequestassetbundle)
    com.unity.modules.unitywebrequestaudio@1.0.0 (location: C:\Users\vipgo\Dev\PBL2\Library\PackageCache\com.unity.modules.unitywebrequestaudio)
    com.unity.modules.unitywebrequesttexture@1.0.0 (location: C:\Users\vipgo\Dev\PBL2\Library\PackageCache\com.unity.modules.unitywebrequesttexture)
    com.unity.modules.unitywebrequestwww@1.0.0 (location: C:\Users\vipgo\Dev\PBL2\Library\PackageCache\com.unity.modules.unitywebrequestwww)
    com.unity.modules.vectorgraphics@1.0.0 (location: C:\Users\vipgo\Dev\PBL2\Library\PackageCache\com.unity.modules.vectorgraphics)
    com.unity.modules.vehicles@1.0.0 (location: C:\Users\vipgo\Dev\PBL2\Library\PackageCache\com.unity.modules.vehicles)
    com.unity.modules.video@1.0.0 (location: C:\Users\vipgo\Dev\PBL2\Library\PackageCache\com.unity.modules.video)
    com.unity.modules.wind@1.0.0 (location: C:\Users\vipgo\Dev\PBL2\Library\PackageCache\com.unity.modules.wind)
    com.unity.modules.xr@1.0.0 (location: C:\Users\vipgo\Dev\PBL2\Library\PackageCache\com.unity.modules.xr)
    com.unity.modules.subsystems@1.0.0 (location: C:\Users\vipgo\Dev\PBL2\Library\PackageCache\com.unity.modules.subsystems)
    com.unity.modules.hierarchycore@1.0.0 (location: C:\Users\vipgo\Dev\PBL2\Library\PackageCache\com.unity.modules.hierarchycore)
[Subsystems] No new subsystems found in resolved package list.
[Package Manager] Done registering packages in 0.05 seconds
Starting: C:\Program Files\Unity\Hub\Editor\6000.5.3f1\Editor\Data\Tools\BuildPipeline\bee_backend.exe --ipc --defer-dag-verification --dagfile="Library/Bee/1900b0aE.dag" --continue-on-failure --profile="Library/Bee/backend1.traceevents" ScriptAssemblies
WorkingDir: C:/Users/vipgo/Dev/PBL2
DisplayProgressbar: Compiling Scripts
ExitCode: 0 Duration: 0s248ms
*** Tundra build success (0.14 seconds), 0 items updated, 232 evaluated
AssetDatabase: script compilation time: 1.318783s
Total cache size 27369576
Begin MonoManager ReloadAssembly
Total cache size after purge 27369576, took 00:00:00.1222202
Native extension for WindowsStandalone target not found
Native extension for WebGL target not found
ScheduleIndexationOnStartup MainProcess:True IndexOnStartup:True
Mono: successfully reloaded assembly
- Finished resetting the current domain, in  1.069 seconds
Domain Reload Profiling: 2072ms
	BeginReloadAssembly (567ms)
		DisableScriptedObjects (104ms)
		CreateAndSetChildDomain (105ms)
	RebuildCommonClasses (18ms)
	RebuildNativeTypeToScriptingClass (32ms)
	initialDomainReloadingComplete (106ms)
	LoadAllAssembliesAndSetupDomain (273ms)
		LoadAssemblies (257ms)
		AnalyzeDomain (47ms)
			TypeCache.Refresh (27ms)
				TypeCache.ScanAssembly (15ms)
			BuildScriptInfoCaches (12ms)
			ResolveRequiredComponents (4ms)
	FinalizeReload (1077ms)
		SetupLoadedEditorAssemblies (0ms)
			InitializePlatformSupportModulesInManaged (6ms)
			BeforeProcessingInitializeOnLoad (231ms)
			ProcessInitializeOnLoadAttributes (202ms)
			ProcessInitializeOnLoadMethodAttributes (162ms)
			AfterProcessingInitializeOnLoad (11ms)
		AwakeInstancesAfterBackupRestoration (52ms)
Importing 'GUID: 42ef7ddf048180d44a3fa0cf6de0fe93 - Path: Assets/Resources/Audio/Music/02_China_TeaCafe.wav' with importer (AudioImporter)
Imported 'GUID: 42ef7ddf048180d44a3fa0cf6de0fe93' -> (Import Result ID: 'b0f0dea6a0df029e6747bb2afa8339f4') in 1.605 seconds [static and dynamic dependencies]. Details - ImportResultOutputID=f82f05d3c83e67ed88a7a5e753348fad DependenciesID=5c434fa04fbdf1075f7ea39ede4e27c6 StaticDependenciesID=123631d5fd25780cead24f0a115b0eab 
Importing 'GUID: f29e012356234b14488d25895e23caa2 - Path: Assets/Resources/Audio/Music/04_Vietnam_TeaCafe.wav' with importer (AudioImporter)
Imported 'GUID: f29e012356234b14488d25895e23caa2' -> (Import Result ID: '3d0ef6ee92a3ef34fa6e039c3d8c00de') in 1.063 seconds [static and dynamic dependencies]. Details - ImportResultOutputID=3107496b4acb159093025855d300ddf8 DependenciesID=89411788986140d5ee1d6a9634a4a6b0 StaticDependenciesID=b1fa2c71fefac04fbb4feff66ee1af26 
Importing 'GUID: a66740fd7542e874d9af75e5904ad27b - Path: Assets/Resources/Audio/Music/05_Kyrgyzstan_TeaCafe.wav' with importer (AudioImporter)
Imported 'GUID: a66740fd7542e874d9af75e5904ad27b' -> (Import Result ID: 'b7e62aeb284f11853f5c543411b520dc') in 0.684 seconds [static and dynamic dependencies]. Details - ImportResultOutputID=d6856e672531e7210837c9bf111d481f DependenciesID=3fa8f03e872c7587340d2700b3c4f568 StaticDependenciesID=bd3df79dde5d7a01359ec9198f624bdf 
Importing 'GUID: b9d4f9e16f7003948996355e6475df92 - Path: Assets/Resources/Audio/Music/03_Japan_TeaCafe.wav' with importer (AudioImporter)
Imported 'GUID: b9d4f9e16f7003948996355e6475df92' -> (Import Result ID: '50661d66ed531f17b5234a1768faad98') in 1.060 seconds [static and dynamic dependencies]. Details - ImportResultOutputID=57354f4ec1191a95a87c54a3ee809875 DependenciesID=0dee4e1e3647a5f9a94baba6b456f306 StaticDependenciesID=5817b0c4af550ca6331c586f396cd769 
Importing 'GUID: 7d2a731cb83cd9243a933335bf356b98 - Path: Assets/Resources/Audio/Music/01_Korea_TeaCafe.wav' with importer (AudioImporter)
Imported 'GUID: 7d2a731cb83cd9243a933335bf356b98' -> (Import Result ID: '056c6349c8eeebe7effb6c4c7bc2d821') in 1.085 seconds [static and dynamic dependencies]. Details - ImportResultOutputID=ae5ee7329a311191104da4e0f09cf717 DependenciesID=68d40e94b3fdf5f75f5f572b8c4740db StaticDependenciesID=33a16600e37aa29d2c9af5c6a2df5ccc 
Starting new worker id: 0 with log in C:/Users/vipgo/Dev/PBL2/Logs/AssetImportWorkerHW0.log

Asset Pipeline Refresh (id=096c9ae0227b0dd48b24e8341e6dc242): Total: 9.550 seconds - Initiated by InitialRefreshV2(ForceSynchronousImport)
	(Values over 0.05ms)
	Summary:
		Imports: total=5 (actual=5, local cache=0, cache server=0)
		Asset DB Process Time: managed=10 ms, native=6928 ms
		Asset DB Callback time: managed=137 ms, native=58 ms
		Scripting: domain reloads=1, domain reload time=1063 ms, compile time=1324 ms, other=26 ms
		Project Asset Count: scripts=216, non-scripts=131
		Asset File Changes: new=5, changed=5, moved=0, deleted=0
		Scan Filter Count: 0
	InvokePackagesCallback: 58.575ms
	ApplyChangesToAssetFolders: 1.268ms
	Scan: 162.629ms
	Collect global state as custom dependencies: 7.706ms
	OnSourceAssetsModified: 2.910ms
	CategorizeScriptCompilationAssets: 2.016ms
	ProcessAssetsWithTransientArtifactChanges: 22.772ms
	CategorizeAssets: 5.468ms
	CompileScripts: 1324.498ms
	ImportOutOfDateAssets: 6613.886ms (1085.682ms without children)
		ImportManagerImport: 5503.253ms (3.212ms without children)
			UpdateCategorizedAssets: 0.092ms
		UnloadImportedAssets: 0.237ms
		EnsureUptoDateAssetsAreRegisteredWithGuidPM: 0.103ms
		ImportSchedulerStart: 24.579ms
	PostProcessAllAssets: 136.039ms
		VersionControlSettings.HiddenFilePostprocess 0.150ms
		MonoPostProcessAllAssets: 134.523ms
			AssetPostprocessor.OnPostprocessAllAssets 37.160ms
			StyleCatalogPostProcessor.OnPostprocessAllAssets 27.579ms
			WindowAssetPostprocessingWatcher.OnPostprocessAllAssets 16.050ms
			BuilderAssetPostprocessor.OnPostprocessAllAssets 11.778ms
			AssetChangedListener.OnPostprocessAllAssets 5.386ms
			RetainedModeAssetPostprocessor.OnPostprocessAllAssets 4.556ms
			SyncVS.PostprocessSyncProject 4.066ms
			EditModeScopePostprocessor.OnPostprocessAllAssets 2.180ms
			SpeedTree9Postprocessor.OnPostprocessAllAssets 1.892ms
			ArtifactBrowserPostProcessor.OnPostprocessAllAssets 1.308ms
			TextAssetPostProcessor.OnPostprocessAllAssets 1.205ms
			AudioMixerPostprocessor.OnPostprocessAllAssets 1.155ms
			TMPro_TexturePostProcessor.OnPostprocessAllAssets 0.734ms
			ReferencedClipsPostProcessor.OnPostprocessAllAssets 0.665ms
			AssetEvents.OnPostprocessAllAssets 0.556ms
			AssetDatabaseCallbacks.OnPostprocessAllAssets 0.355ms
			TerrainToolbarOverlayPostProcessor.OnPostprocessAllAssets 0.331ms
			SpeedTreePostProcessor.OnPostprocessAllAssets 0.295ms
			ScenarioDriftAssetsTracker.OnPostprocessAllAssets 0.240ms
			ConfigAssetsTracker.OnPostprocessAllAssets 0.237ms
			RenderPipelineGlobalSettingsPostprocessor.OnPostprocessAllAssets 0.208ms
			AudioContainerPostProcessor.OnPostprocessAllAssets 0.129ms
	PostAssetChangesProfiler: 2.947ms
	UnloadStreamsBegin: 4.135ms
	PersistCurrentRevisions: 0.121ms
	GenerateScriptTypeHashes: 0.914ms
	GenerateScriptTypeSerializationHashes: 2.040ms
	Untracked: 1191.740ms

Application.AssetDatabase Initial Refresh End
Scanning for USB devices : 7.090ms
Initializing Unity extensions:
[MODES] ModeService[none].Initialize
[MODES] ModeService[none].LoadModes
[MODES] Loading mode Default (0) for mode-current-id-PBL2
Unloading 3 Unused Serialized files (Serialized files now loaded: 0)
Unloading 458 unused Assets / (0.5 MB). Loaded Objects now: 1107.
Memory consumption went from 196.4 MB to 195.9 MB.
Total: 10.384100 ms (FindLiveObjects: 0.199500 ms CreateObjectMapping: 0.176000 ms MarkObjects: 9.158600 ms  DeleteObjects: 0.840400 ms)

Curl error 42: operation aborted by callback
Batchmode quit successfully invoked - shutting down!
[Physics::Module] Cleanup current backend.
[Physics::Module] Id: 0xf2b8ea05
Input System module state changed to: ShutdownInProgress.
Input Polling Thread exited.
Input System module state changed to: Shutdown.
[Licensing::IpcConnector] LicenseClient-vipgo-6000.5.3-notifications channel disconnected successfully.
[Licensing::IpcConnector] LicenseClient-vipgo-6000.5.3 channel disconnected successfully.
AcceleratorClientConnectionCallback - disconnected - :0
Cleanup mono
CodeReloadManager destroyed
Exiting batchmode successfully now!
Exiting without the bug reporter. Application will terminate with return code 0