[Licensing::Module] Trying to connect to existing licensing client channel...
Built from '6000.5/staging' branch; Version is '6000.5.3f1 (c2eb47b3a2a9) revision 12774215'; Using compiler version '194234433'; Build Type 'Release'
OS: 'Windows 11  (10.0.26200) Core' Language: 'ko' Physical Memory: 15776 MB
[Licensing::IpcConnector] Successfully connected to: "LicenseClient-vipgo" at "2026-07-11T08:17:35.1828297Z"
BatchMode: 1, IsHumanControllingUs: 0, StartBugReporterOnCrash: 0, Is64bit: 1
System  architecture: x64
Process architecture: x64
Date: 2026-07-11T08:17:35Z

COMMAND LINE ARGUMENTS:
C:\Program Files\Unity\Hub\Editor\6000.5.3f1\Editor\Unity.exe
-batchmode
-nographics
-quit
-projectPath
C:\Users\vipgo\Dev\PBL2
-buildWebGLDocs
-logFile
C:\Users\vipgo\Dev\PBL2\WebGLBuild_v2.log
Successfully changed project path to: C:\Users\vipgo\Dev\PBL2
C:/Users/vipgo/Dev/PBL2
Exiting without the bug reporter. Application will terminate with return code 1