[Licensing::Module] Trying to connect to existing licensing client channel...
Built from '6000.5/staging' branch; Version is '6000.5.3f1 (c2eb47b3a2a9) revision 12774215'; Using compiler version '194234433'; Build Type 'Release'
[Licensing::IpcConnector] Successfully connected to: "LicenseClient-vipgo" at "2026-07-11T08:17:17.2137542Z"
OS: 'Windows 11  (10.0.26200) Core' Language: 'ko' Physical Memory: 15776 MB
BatchMode: 1, IsHumanControllingUs: 0, StartBugReporterOnCrash: 0, Is64bit: 1
System  architecture: x64
Process architecture: x64
Date: 2026-07-11T08:17:17Z

COMMAND LINE ARGUMENTS:
C:\Program Files\Unity\Hub\Editor\6000.5.3f1\Editor\Unity.exe
-batchmode
-nographics
-quit
-projectPath
C:\Users\vipgo\Dev\PBL2
-buildWebGL
-logFile
C:\Users\vipgo\Dev\PBL2\WebGLBuild_Fresh.log
Successfully changed project path to: C:\Users\vipgo\Dev\PBL2
C:/Users/vipgo/Dev/PBL2
[UnityMemory] Configuration Parameters - Can be set up in boot.config
    "memorysetup-temp-allocator-size-gi-baking-worker=262144"
    "memorysetup-temp-allocator-size-gi-baking-worker=262144"
    "memorysetup-temp-allocator-size-gi-baking-worker=262144"
    "memorysetup-temp-allocator-size-gi-baking-worker=262144"
    "memorysetup-temp-allocator-size-gi-baking-worker=262144"
    "memorysetup-temp-allocator-size-nav-mesh-worker=65536"
    "memorysetup-temp-allocator-size-audio-worker=65536"
    "memorysetup-temp-allocator-size-cloud-worker=32768"
    "memorysetup-temp-allocator-size-gfx=262144"
    "memorysetup-temp-allocator-size-preload-manager=33554432"
    "memorysetup-allocator-temp-initial-block-size-main=262144"
    "memorysetup-allocator-temp-initial-block-size-worker=262144"
    "memorysetup-temp-allocator-size-job-worker=262144"
    "memorysetup-temp-allocator-size-background-worker=32768"
    "memorysetup-bucket-allocator-granularity=16"
    "memorysetup-bucket-allocator-bucket-count=8"
    "memorysetup-bucket-allocator-block-size=33554432"
    "memorysetup-bucket-allocator-block-count=8"
    "memorysetup-main-allocator-block-size=16777216"
    "memorysetup-thread-allocator-block-size=16777216"
    "memorysetup-main-allocator-mimalloc-enabled=0"
    "memorysetup-gfx-main-allocator-block-size=16777216"
    "memorysetup-gfx-thread-allocator-block-size=16777216"
    "memorysetup-cache-allocator-block-size=4194304"
    "memorysetup-typetree-allocator-block-size=2097152"
    "memorysetup-profiler-bucket-allocator-granularity=16"
    "memorysetup-profiler-bucket-allocator-bucket-count=8"
    "memorysetup-profiler-bucket-allocator-block-size=33554432"
    "memorysetup-profiler-bucket-allocator-block-count=8"
    "memorysetup-profiler-allocator-block-size=16777216"
    "memorysetup-profiler-editor-allocator-block-size=1048576"
    "memorysetup-temp-allocator-size-main=16777216"
    "memorysetup-job-temp-allocator-block-size=2097152"
    "memorysetup-job-temp-allocator-block-size-background=1048576"
    "memorysetup-job-temp-allocator-reduction-small-platforms=262144"
Logging is directed to a specific file, skipping project log.Player connection [75720]  Target information:

Player connection [75720]  * "[IP] 192.168.45.153 [Port] 55504 [Flags] 2 [Guid] 2721649652 [EditorId] 2721649652 [Version] 1048832 [Id] WindowsEditor(7,T1grianthus) [Debug] 1 [PackageName] WindowsEditor [ProjectName] Editor" 

Player connection [75720] Host joined multi-casting on [225.0.0.222:54997]...
Player connection [75720] Host joined alternative multi-casting on [225.0.0.222:34997]...
Input System module state changed to: Initialized.
[Physics::Module] Initialized fallback backend.
[Physics::Module] Id: 0xdecafbad
[Package Manager] Connected to IPC stream "Upm-79528" after 0.6 seconds.
[Licensing::Module] Licensing is not yet initialized.
[Licensing::Client] Error: HandshakeResponse reported an error:
	ResponseCode: 505
	ResponseStatus: Unsupported protocol version '1.18.1'.
[Licensing::Module] Error: Failed to handshake to channel: "LicenseClient-vipgo"
[Licensing::IpcConnector] LicenseClient-vipgo channel disconnected successfully.
[Licensing::IpcConnector] Channel LicenseClient-vipgo-6000.5.3 doesn't exist
[Licensing::Module] Successfully launched the LicensingClient (PId: 40676)
Starting IPC server.
Waiting for clients to connect on \\.\pipe\Unity-LicenseClient-vipgo-6000.5.3, press Ctrl-C to exit.
[Licensing::IpcConnector] Successfully connected to: "LicenseClient-vipgo-6000.5.3" at "2026-07-11T08:17:21.1225471Z"
[Licensing::Client] Code 10 while verifying Licensing Client signature (process Id: 40676, path: "C:/Program Files/Unity/Hub/Editor/6000.5.3f1/Editor/Data/Resources/Licensing/Client/Unity.Licensing.Client.exe")
[Licensing::Module] LicensingClient has failed validation; ignoring
[Licensing::Client] Handshaking with LicensingClient:
  Version:                 1.18.1+9fbee8e
  Session Id:              be147b1565a94e5e9b1650e421c8f0e4
  Correlation Id:          8f178c3a11299f61fb0ac94b93cf7e51
  External correlation Id: 1724132303523760576
  Machine Id:              ODM7uYFPUhyn56Da4Y+F+Y1CjuM=
[Licensing::Module] Successfully connected to LicensingClient on channel: "LicenseClient-vipgo-6000.5.3" (connect: 1.29s, validation: 0.30s, handshake: 0.02s)
[Licensing::IpcConnector] Successfully connected to: "LicenseClient-vipgo-6000.5.3-notifications" at "2026-07-11T08:17:21.4510699Z"
[Licensing::Module] Connected to LicensingClient (PId: 40676, launch time: 0.02, total connection time: 1.62s)
[Licensing::Module] Error: Access token is unavailable; failed to update
[Licensing::Client] Successfully resolved entitlement details
[Licensing::Module] License group:
  Id: 14569777524809-UnityPersXXXX
  Product: Unity Personal
  Type: Assigned
  Expiration: Unlimited
[Licensing::Client] Successfully updated license, isAsync: True, time: 0.02
[Licensing::Client] Successfully resolved entitlement details
[Licensing::Module] Licensing Background thread has ended after 4.33s
[Licensing::Module] Licensing is initialized (took 3.09s).
[Licensing::Client] Successfully resolved entitlement details
Library Redirect Path: Library/
[Physics::Module] Selected backend.
[Physics::Module] Name: PhysX
[Physics::Module] Id: 0xf2b8ea05
[Physics::Module] SDK Version: 4.1.2
[Physics::Module] Integration Version: 1.0.0
[Physics::Module] Threading Mode: Multi-Threaded
Initialize engine version: 6000.5.3f1 (c2eb47b3a2a9)
[Subsystems] Discovering subsystems at path C:/Program Files/Unity/Hub/Editor/6000.5.3f1/Editor/Data/Resources/UnitySubsystems
[Subsystems] Discovering subsystems at path C:/Users/vipgo/Dev/PBL2/Assets
Forcing GfxDevice: Null
GfxDevice: creating device client; kGfxThreadingModeNonThreaded
NullGfxDevice:
    Version:  NULL 1.0 [1.0]
    Renderer: Null Device
    Vendor:   Unity Technologies
Initialize mono
Mono path[0] = 'C:/Program Files/Unity/Hub/Editor/6000.5.3f1/Editor/Data/Managed'
Mono path[1] = 'C:/Program Files/Unity/Hub/Editor/6000.5.3f1/Editor/Data/BCLExtensions/runtime/netstandard2.1'
Mono path[2] = 'C:/Program Files/Unity/Hub/Editor/6000.5.3f1/Editor/Data/MonoBleedingEdge/lib/mono/unityjit-win32'
Mono config path = 'C:/Program Files/Unity/Hub/Editor/6000.5.3f1/Editor/Data/MonoBleedingEdge/etc'
Using monoOptions --debugger-agent=transport=dt_socket,embedding=1,server=y,suspend=n,address=127.0.0.1:56528
CodeReloadManager initialized
ImportWorker Server TCP listen port: 0
AcceleratorClientConnectionCallback - disconnected - :0
Begin MonoManager ReloadAssembly
Registering precompiled unity dll's ...
Register platform support module: C:/Program Files/Unity/Hub/Editor/6000.5.3f1/Editor/Data/PlaybackEngines/WebGLSupport/UnityEditor.WebGL.Extensions.dll
Register platform support module: C:/Program Files/Unity/Hub/Editor/6000.5.3f1/Editor/Data/PlaybackEngines/WindowsStandaloneSupport/UnityEditor.WindowsStandalone.Extensions.dll
Registered in 0.006684 seconds.
Native extension for WindowsStandalone target not found
Native extension for WebGL target not found
Package Manager log level set to [2]
ScheduleIndexationOnStartup MainProcess:False IndexOnStartup:True
Mono: successfully reloaded assembly
- Finished resetting the current domain, in  1.054 seconds
Domain Reload Profiling: 2459ms
	BeginReloadAssembly (360ms)
		CreateAndSetChildDomain (35ms)
	RebuildCommonClasses (11ms)
	RebuildNativeTypeToScriptingClass (37ms)
	initialDomainReloadingComplete (171ms)
	LoadAllAssembliesAndSetupDomain (817ms)
		LoadAssemblies (320ms)
		AnalyzeDomain (604ms)
			TypeCache.Refresh (599ms)
				TypeCache.ScanAssembly (558ms)
	FinalizeReload (1062ms)
		SetupLoadedEditorAssemblies (0ms)
			InitializePlatformSupportModulesInManaged (8ms)
			BeforeProcessingInitializeOnLoad (235ms)
			ProcessInitializeOnLoadAttributes (274ms)
			ProcessInitializeOnLoadMethodAttributes (310ms)
[Licensing::Client] Successfully resolved entitlement details
Application.AssetDatabase Initial Refresh Start
[Package Manager] Restoring resolved packages state from cache
[Licensing::Client] Successfully resolved entitlement details
[Package Manager] Registered 38 packages:
  Built-in packages:
    com.unity.multiplayer.center@1.0.1 (location: C:\Users\vipgo\Dev\PBL2\Library\PackageCache\com.unity.multiplayer.center@b860850997d0)
    com.unity.modules.accessibility@1.0.0 (location: C:\Users\vipgo\Dev\PBL2\Library\PackageCache\com.unity.modules.accessibility)
    com.unity.modules.adaptiveperformance@1.0.0 (location: C:\Users\vipgo\Dev\PBL2\Library\PackageCache\com.unity.modules.adaptiveperformance)
    com.unity.modules.ai@1.0.0 (location: C:\Users\vipgo\Dev\PBL2\Library\PackageCache\com.unity.modules.ai)
    com.unity.modules.androidjni@1.0.0 (location: C:\Users\vipgo\Dev\PBL2\Library\PackageCache\com.unity.modules.androidjni)
    com.unity.modules.animation@1.0.0 (location: C:\Users\vipgo\Dev\PBL2\Library\PackageCache\com.unity.modules.animation)
    com.unity.modules.assetbundle@1.0.0 (location: C:\Users\vipgo\Dev\PBL2\Library\PackageCache\com.unity.modules.assetbundle)
    com.unity.modules.audio@1.0.0 (location: C:\Users\vipgo\Dev\PBL2\Library\PackageCache\com.unity.modules.audio)
    com.unity.modules.cloth@1.0.0 (location: C:\Users\vipgo\Dev\PBL2\Library\PackageCache\com.unity.modules.cloth)
    com.unity.modules.director@1.0.0 (location: C:\Users\vipgo\Dev\PBL2\Library\PackageCache\com.unity.modules.director)
    com.unity.modules.imageconversion@1.0.0 (location: C:\Users\vipgo\Dev\PBL2\Library\PackageCache\com.unity.modules.imageconversion)
    com.unity.modules.imgui@1.0.0 (location: C:\Users\vipgo\Dev\PBL2\Library\PackageCache\com.unity.modules.imgui)
    com.unity.modules.jsonserialize@1.0.0 (location: C:\Users\vipgo\Dev\PBL2\Library\PackageCache\com.unity.modules.jsonserialize)
    com.unity.modules.particlesystem@1.0.0 (location: C:\Users\vipgo\Dev\PBL2\Library\PackageCache\com.unity.modules.particlesystem)
    com.unity.modules.physics@1.0.0 (location: C:\Users\vipgo\Dev\PBL2\Library\PackageCache\com.unity.modules.physics)
    com.unity.modules.physics2d@1.0.0 (location: C:\Users\vipgo\Dev\PBL2\Library\PackageCache\com.unity.modules.physics2d)
    com.unity.modules.physicscore2d@1.0.0 (location: C:\Users\vipgo\Dev\PBL2\Library\PackageCache\com.unity.modules.physicscore2d)
    com.unity.modules.screencapture@1.0.0 (location: C:\Users\vipgo\Dev\PBL2\Library\PackageCache\com.unity.modules.screencapture)
    com.unity.modules.terrain@1.0.0 (location: C:\Users\vipgo\Dev\PBL2\Library\PackageCache\com.unity.modules.terrain)
    com.unity.modules.terrainphysics@1.0.0 (location: C:\Users\vipgo\Dev\PBL2\Library\PackageCache\com.unity.modules.terrainphysics)
    com.unity.modules.tilemap@1.0.0 (location: C:\Users\vipgo\Dev\PBL2\Library\PackageCache\com.unity.modules.tilemap)
    com.unity.modules.ui@1.0.0 (location: C:\Users\vipgo\Dev\PBL2\Library\PackageCache\com.unity.modules.ui)
    com.unity.ugui@2.5.0 (location: C:\Users\vipgo\Dev\PBL2\Library\PackageCache\com.unity.ugui@377fd60ad87b)
    com.unity.modules.uielements@1.0.0 (location: C:\Users\vipgo\Dev\PBL2\Library\PackageCache\com.unity.modules.uielements)
    com.unity.modules.umbra@1.0.0 (location: C:\Users\vipgo\Dev\PBL2\Library\PackageCache\com.unity.modules.umbra)
    com.unity.modules.unityanalytics@1.0.0 (location: C:\Users\vipgo\Dev\PBL2\Library\PackageCache\com.unity.modules.unityanalytics)
    com.unity.modules.unitywebrequest@1.0.0 (location: C:\Users\vipgo\Dev\PBL2\Library\PackageCache\com.unity.modules.unitywebrequest)
    com.unity.modules.unitywebrequestassetbundle@1.0.0 (location: C:\Users\vipgo\Dev\PBL2\Library\PackageCache\com.unity.modules.unitywebrequestassetbundle)
    com.unity.modules.unitywebrequestaudio@1.0.0 (location: C:\Users\vipgo\Dev\PBL2\Library\PackageCache\com.unity.modules.unitywebrequestaudio)
    com.unity.modules.unitywebrequesttexture@1.0.0 (location: C:\Users\vipgo\Dev\PBL2\Library\PackageCache\com.unity.modules.unitywebrequesttexture)
    com.unity.modules.unitywebrequestwww@1.0.0 (location: C:\Users\vipgo\Dev\PBL2\Library\PackageCache\com.unity.modules.unitywebrequestwww)
    com.unity.modules.vectorgraphics@1.0.0 (location: C:\Users\vipgo\Dev\PBL2\Library\PackageCache\com.unity.modules.vectorgraphics)
    com.unity.modules.vehicles@1.0.0 (location: C:\Users\vipgo\Dev\PBL2\Library\PackageCache\com.unity.modules.vehicles)
    com.unity.modules.video@1.0.0 (location: C:\Users\vipgo\Dev\PBL2\Library\PackageCache\com.unity.modules.video)
    com.unity.modules.wind@1.0.0 (location: C:\Users\vipgo\Dev\PBL2\Library\PackageCache\com.unity.modules.wind)
    com.unity.modules.xr@1.0.0 (location: C:\Users\vipgo\Dev\PBL2\Library\PackageCache\com.unity.modules.xr)
    com.unity.modules.subsystems@1.0.0 (location: C:\Users\vipgo\Dev\PBL2\Library\PackageCache\com.unity.modules.subsystems)
    com.unity.modules.hierarchycore@1.0.0 (location: C:\Users\vipgo\Dev\PBL2\Library\PackageCache\com.unity.modules.hierarchycore)
[Subsystems] No new subsystems found in resolved package list.
[Package Manager] Done registering packages in 0.07 seconds
A meta data file (.meta) exists but its asset 'Assets/Editor/EditorCommandLineTester.cs' can't be found. When moving or deleting files outside of Unity, please ensure that the corresponding .meta file is moved or deleted along with it.
[ScriptCompilation] Requested script compilation because: AssetDatabase observed changes in script compilation related files
info: Microsoft.Hosting.Lifetime[14]
      Now listening on: http://localhost:80
info: Microsoft.Hosting.Lifetime[0]
      Application started. Press Ctrl+C to shut down.
info: Microsoft.Hosting.Lifetime[0]
      Hosting environment: Production
info: Microsoft.Hosting.Lifetime[0]
      Content root path: C:\Users\vipgo\Dev\PBL2
info: Microsoft.AspNetCore.Hosting.Diagnostics[1]
      Request starting HTTP/2 POST http://ilpp/UnityILPP.PostProcessing/Ping - application/grpc -
info: Microsoft.AspNetCore.Routing.EndpointMiddleware[0]
      Executing endpoint 'gRPC - /UnityILPP.PostProcessing/Ping'
info: Microsoft.AspNetCore.Routing.EndpointMiddleware[1]
      Executed endpoint 'gRPC - /UnityILPP.PostProcessing/Ping'
info: Microsoft.AspNetCore.Hosting.Diagnostics[2]
      Request finished HTTP/2 POST http://ilpp/UnityILPP.PostProcessing/Ping - 200 - application/grpc 86.1682ms
Starting: C:\Program Files\Unity\Hub\Editor\6000.5.3f1\Editor\Data\Tools\BuildPipeline\bee_backend.exe --ipc --defer-dag-verification --dagfile="Library/Bee/1900b0aE.dag" --continue-on-failure --profile="Library/Bee/backend1.traceevents" ScriptAssemblies
WorkingDir: C:/Users/vipgo/Dev/PBL2
ExitCode: 4 Duration: 0s127ms
[             ] Require frontend run.  Library/Bee/1900b0aE.dag couldn't be loaded
Starting: C:\Program Files\Unity\Hub\Editor\6000.5.3f1\Editor\Data\netcorerun\netcorerun.exe "C:\Program Files\Unity\Hub\Editor\6000.5.3f1\Editor\Data\Tools\BuildPipeline\ScriptCompilationBuildProgram.exe" "Library/Bee/1900b0aE.dag.json" "Library/Bee/1900b0aE-inputdata.json" "Library\Bee\buildprogram0.traceevents"
WorkingDir: C:/Users/vipgo/Dev/PBL2
DisplayProgressbar: Compiling Scripts
ExitCode: 0 Duration: 0s701ms
Starting: C:\Program Files\Unity\Hub\Editor\6000.5.3f1\Editor\Data\Tools\BuildPipeline\bee_backend.exe --ipc --defer-dag-verification --dagfile="Library/Bee/1900b0aE.dag" --continue-on-failure --dagfilejson="Library\Bee\1900b0aE.dag.json" --profile="Library/Bee/backend2.traceevents" ScriptAssemblies
WorkingDir: C:/Users/vipgo/Dev/PBL2
ExitCode: 0 Duration: 16s
Finished compiling graph: 243 nodes, 2189 flattened edges (2065 ToBuild, 20 ToUse), maximum node priority 118
[  1/240    0s] MovedFromExtractor Library/Bee/artifacts/mvdfrm/UnityEditor.ShaderFoundryModule.dll_8E4EAC413C01D893.mvfrm
[  2/240    0s] MovedFromExtractor Library/Bee/artifacts/mvdfrm/UnityEngine.XRModule.dll_0EFDF323C3CA13BA.mvfrm
[  3/240    0s] MovedFromExtractor Library/Bee/artifacts/mvdfrm/UnityEditor.ShaderBuildSettingsModule.dll_8626EFFD5EE3116B.mvfrm
[  4/240    0s] MovedFromExtractor Library/Bee/artifacts/mvdfrm/UnityEditor.QuickSearchModule.dll_F7B8809CCE269504.mvfrm
[  5/240    0s] MovedFromExtractor Library/Bee/artifacts/mvdfrm/UnityEditor.SketchUpModule.dll_27CE64EBD3165AFC.mvfrm
[  6/240    0s] MovedFromExtractor Library/Bee/artifacts/mvdfrm/UnityEditor.SpriteMaskModule.dll_2495AF379D7F0A16.mvfrm
[  7/240    0s] MovedFromExtractor Library/Bee/artifacts/mvdfrm/UnityEditor.ProjectAuditorModule.dll_D950D78F74BA5C6A.mvfrm
[  8/240    0s] MovedFromExtractor Library/Bee/artifacts/mvdfrm/UnityEditor.PresetsUIModule.dll_39B56F10A4F42D27.mvfrm
[  9/240    0s] MovedFromExtractor Library/Bee/artifacts/mvdfrm/UnityEditor.ShaderCompilationModule.dll_DEB978AD74DA2A1D.mvfrm
[ 10/240    0s] MovedFromExtractor Library/Bee/artifacts/mvdfrm/UnityEditor.SafeModeModule.dll_3FB97F9B87E4BEE5.mvfrm
[ 11/240    0s] MovedFromExtractor Library/Bee/artifacts/mvdfrm/UnityEditor.PropertiesModule.dll_68A47BE5EEFAD8D8.mvfrm
[ 12/240    0s] MovedFromExtractor Library/Bee/artifacts/mvdfrm/UnityEditor.SceneViewModule.dll_BCFF193697BEA230.mvfrm
[ 13/240    0s] MovedFromExtractor Library/Bee/artifacts/mvdfrm/UnityEditor.SceneTemplateModule.dll_4F6EDBFE19525C05.mvfrm
[ 14/240    0s] MovedFromExtractor Library/Bee/artifacts/mvdfrm/UnityEditor.QuickInstallModule.dll_A16DF9A96A6E9B33.mvfrm
[ 15/240    0s] MovedFromExtractor Library/Bee/artifacts/mvdfrm/UnityEditor.MediaModule.dll_EAB576ED6C75B0A3.mvfrm
[ 16/240    0s] MovedFromExtractor Library/Bee/artifacts/mvdfrm/UnityEditor.PhysicsModule.dll_ACC134F3AE9CD786.mvfrm
[ 17/240    0s] MovedFromExtractor Library/Bee/artifacts/mvdfrm/UnityEditor.PhysicsCore2DModule.dll_E3972D18FF74F567.mvfrm
[ 18/240    0s] MovedFromExtractor Library/Bee/artifacts/mvdfrm/UnityEditor.MultiplayerModule.dll_B584008BD71AC6E9.mvfrm
[ 19/240    0s] MovedFromExtractor Library/Bee/artifacts/mvdfrm/UnityEditor.MathematicsModule.dll_5AF091D892CB30A5.mvfrm
[ 20/240    0s] MovedFromExtractor Library/Bee/artifacts/mvdfrm/UnityEditor.PlayModeModule.dll_85AD715526ADCE4C.mvfrm
[ 21/240    0s] MovedFromExtractor Library/Bee/artifacts/mvdfrm/UnityEditor.Physics2DModule.dll_E394B15F3875EF78.mvfrm
[ 22/240    0s] MovedFromExtractor Library/Bee/artifacts/mvdfrm/UnityEditor.HierarchyModule.dll_6BC33D0A607B13E4.mvfrm
[ 23/240    0s] MovedFromExtractor Library/Bee/artifacts/mvdfrm/UnityEditor.GridModule.dll_C4E0E7A7E247475B.mvfrm
[ 24/240    0s] MovedFromExtractor Library/Bee/artifacts/mvdfrm/UnityEngine.LocalizationModule.dll_7BB1F84896CFD7D9.mvfrm
[ 25/240    0s] MovedFromExtractor Library/Bee/artifacts/mvdfrm/UnityEditor.GraphViewModule.dll_7E4F362EA29BD522.mvfrm
[ 26/240    0s] MovedFromExtractor Library/Bee/artifacts/mvdfrm/UnityEditor.GridAndSnapModule.dll_7661E610F8B4559A.mvfrm
[ 27/240    0s] MovedFromExtractor Library/Bee/artifacts/mvdfrm/UnityEditor.GraphicsStateCollectionSerializerModule.dll_81A5060DB57CF6E5.mvfrm
[ 28/240    0s] WriteText Library/Bee/artifacts/1900b0aE.dag/UnityEngine.UI.rsp2
[ 29/240    0s] MovedFromExtractor Library/Bee/artifacts/mvdfrm/UnityEditor.GIModule.dll_E7C722EA6CBFEF87.mvfrm
[ 30/240    0s] WriteText Library/Bee/artifacts/1900b0aE.dag/UnityEngine.UI.UnityAdditionalFile.txt
[ 31/240    0s] MovedFromExtractor Library/Bee/artifacts/mvdfrm/UnityEditor.GenericRemoteModule.dll_8BD4AB490274297C.mvfrm
[ 32/240    0s] MovedFromExtractor Library/Bee/artifacts/mvdfrm/UnityEditor.EmbreeModule.dll_34BFD1AF4FE0EE2D.mvfrm
[ 33/240    0s] MovedFromExtractor Library/Bee/artifacts/mvdfrm/UnityEditor.GraphToolkitModule.dll_DE6B901519975B85.mvfrm
[ 34/240    0s] MovedFromExtractor Library/Bee/artifacts/mvdfrm/UnityEditor.EditorToolbarModule.dll_2BCF6B401A65B1CD.mvfrm
[ 35/240    0s] MovedFromExtractor Library/Bee/artifacts/mvdfrm/UnityEditor.DeviceSimulatorModule.dll_885276603BB5959D.mvfrm
[ 36/240    0s] MovedFromExtractor Library/Bee/artifacts/mvdfrm/UnityEditor.CoreBusinessMetricsModule.dll_FDEBA2CEB22B0F23.mvfrm
[ 37/240    0s] MovedFromExtractor Library/Bee/artifacts/mvdfrm/UnityEditor.DiagnosticsModule.dll_6CA8FF8F754F98AB.mvfrm
[ 38/240    0s] MovedFromExtractor Library/Bee/artifacts/mvdfrm/UnityEditor.CoreModule.dll_E76FCBB9C9F2B164.mvfrm
[ 39/240    0s] MovedFromExtractor Library/Bee/artifacts/mvdfrm/UnityEditor.BuildProfileModule.dll_C28EAB6A28E82D00.mvfrm
[ 40/240    0s] MovedFromExtractor Library/Bee/artifacts/mvdfrm/UnityEditor.ContentLoadModule.dll_CEF23D3FECD5E15E.mvfrm
[ 41/240    0s] MovedFromExtractor Library/Bee/artifacts/mvdfrm/UnityEditor.AdaptivePerformanceModule.dll_7E00A9548BE3E029.mvfrm
[ 42/240    0s] MovedFromExtractor Library/Bee/artifacts/mvdfrm/UnityEditor.AssetComplianceModule.dll_C12D864EB67179CA.mvfrm
[ 43/240    0s] MovedFromExtractor Library/Bee/artifacts/mvdfrm/UnityEditor.ClothModule.dll_85DDBA56C84606F9.mvfrm
[ 44/240    0s] MovedFromExtractor Library/Bee/artifacts/mvdfrm/UnityEditor.AccessibilityModule.dll_F5D3556DA0D0007D.mvfrm
[ 45/240    0s] MovedFromExtractor Library/Bee/artifacts/mvdfrm/UnityEditor.AIModule.dll_4F8AD9DCD111076D.mvfrm
[ 46/240    0s] MovedFromExtractor Library/Bee/artifacts/mvdfrm/Unity.Scripting.dll_47388DFE1FDC74DD.mvfrm
[ 47/240    0s] MovedFromExtractor Library/Bee/artifacts/mvdfrm/UnityEngine.VirtualTexturingModule.dll_2B6C404784373A6D.mvfrm
[ 48/240    0s] MovedFromExtractor Library/Bee/artifacts/mvdfrm/UnityEngine.WindModule.dll_80DF7A35032E9AF8.mvfrm
[ 49/240    0s] MovedFromExtractor Library/Bee/artifacts/mvdfrm/UnityEngine.VectorGraphicsModule.dll_E107C4F9CE14A15E.mvfrm
[ 50/240    0s] MovedFromExtractor Library/Bee/artifacts/mvdfrm/UnityEngine.VideoModule.dll_0A2B9E2AE238745F.mvfrm
[ 51/240    0s] MovedFromExtractor Library/Bee/artifacts/mvdfrm/UnityEngine.dll_5FBA5A74A38D47D6.mvfrm
[ 52/240    0s] MovedFromExtractor Library/Bee/artifacts/mvdfrm/UnityEngine.VehiclesModule.dll_B2933B9B85D96607.mvfrm
[ 53/240    0s] MovedFromExtractor Library/Bee/artifacts/mvdfrm/UnityEngine.VFXModule.dll_6F88591A64824E4C.mvfrm
[ 54/240    0s] MovedFromExtractor Library/Bee/artifacts/mvdfrm/UnityEngine.UnityCurlModule.dll_7FF15388ED0C9BB5.mvfrm
[ 55/240    0s] MovedFromExtractor Library/Bee/artifacts/mvdfrm/UnityEngine.UnityWebRequestTextureModule.dll_25C1580DB1B0597B.mvfrm
[ 56/240    0s] MovedFromExtractor Library/Bee/artifacts/mvdfrm/UnityEngine.UnityConsentModule.dll_7CCDD41B555EA915.mvfrm
[ 57/240    0s] MovedFromExtractor Library/Bee/artifacts/mvdfrm/UnityEngine.UnityConnectModule.dll_AB283CEF485412C5.mvfrm
[ 58/240    0s] MovedFromExtractor Library/Bee/artifacts/mvdfrm/UnityEngine.UnityWebRequestAssetBundleModule.dll_7B7C367184D784A2.mvfrm
[ 59/240    0s] MovedFromExtractor Library/Bee/artifacts/mvdfrm/UnityEngine.UmbraModule.dll_5FF6C5D8ACCD042D.mvfrm
[ 60/240    0s] MovedFromExtractor Library/Bee/artifacts/mvdfrm/UnityEngine.UnityWebRequestWWWModule.dll_23F80DB882EDD6B7.mvfrm
[ 61/240    0s] MovedFromExtractor Library/Bee/artifacts/mvdfrm/UnityEngine.UnityWebRequestAudioModule.dll_8EA636D7EC8CCAE6.mvfrm
[ 62/240    0s] MovedFromExtractor Library/Bee/artifacts/mvdfrm/UnityEngine.UnityWebRequestModule.dll_0B903E2C3889F594.mvfrm
[ 63/240    0s] MovedFromExtractor Library/Bee/artifacts/mvdfrm/UnityEngine.UIModule.dll_896D099998D540E4.mvfrm
[ 64/240    0s] MovedFromExtractor Library/Bee/artifacts/mvdfrm/UnityEngine.UnityAnalyticsModule.dll_695FFF8EE8357D11.mvfrm
[ 65/240    0s] MovedFromExtractor Library/Bee/artifacts/mvdfrm/UnityEngine.UnityAnalyticsCommonModule.dll_B1E8A03D800A9EAC.mvfrm
[ 66/240    0s] MovedFromExtractor Library/Bee/artifacts/mvdfrm/UnityEngine.U2DRuntimeModule.dll_60CDD3A83E668181.mvfrm
[ 67/240    0s] MovedFromExtractor Library/Bee/artifacts/mvdfrm/UnityEngine.UIElementsModule.dll_942FE4497137476B.mvfrm
[ 68/240    0s] MovedFromExtractor Library/Bee/artifacts/mvdfrm/UnityEngine.TextRenderingModule.dll_2552F060E4A79083.mvfrm
[ 69/240    0s] MovedFromExtractor Library/Bee/artifacts/mvdfrm/UnityEngine.TextCoreFontEngineModule.dll_114D91EB03AA612D.mvfrm
[ 70/240    0s] MovedFromExtractor Library/Bee/artifacts/mvdfrm/UnityEngine.TilemapModule.dll_587ED08E0126E8C2.mvfrm
[ 71/240    0s] MovedFromExtractor Library/Bee/artifacts/mvdfrm/UnityEngine.TLSModule.dll_EEA9C0AB8E14E4DF.mvfrm
[ 72/240    0s] MovedFromExtractor Library/Bee/artifacts/mvdfrm/UnityEngine.StreamingModule.dll_01699FA7CC806106.mvfrm
[ 73/240    0s] MovedFromExtractor Library/Bee/artifacts/mvdfrm/UnityEngine.TerrainModule.dll_B982690CE96A07B9.mvfrm
[ 74/240    0s] MovedFromExtractor Library/Bee/artifacts/mvdfrm/UnityEngine.TextCoreTextEngineModule.dll_5935C85C932E1A4B.mvfrm
[ 75/240    0s] MovedFromExtractor Library/Bee/artifacts/mvdfrm/UnityEngine.TerrainPhysicsModule.dll_4A3B3798555125A2.mvfrm
[ 76/240    0s] MovedFromExtractor Library/Bee/artifacts/mvdfrm/UnityEngine.SubstanceModule.dll_DE14B3F117D35F14.mvfrm
[ 77/240    0s] MovedFromExtractor Library/Bee/artifacts/mvdfrm/UnityEngine.SpriteShapeModule.dll_5502E0E8E62F8200.mvfrm
[ 78/240    0s] MovedFromExtractor Library/Bee/artifacts/mvdfrm/UnityEngine.SubsystemsModule.dll_8FF182E16E0B0B74.mvfrm
[ 79/240    0s] MovedFromExtractor Library/Bee/artifacts/mvdfrm/UnityEngine.SharedInternalsModule.dll_7E027557A4C35665.mvfrm
[ 80/240    0s] MovedFromExtractor Library/Bee/artifacts/mvdfrm/UnityEngine.SpriteMaskModule.dll_25441C7F9FC32361.mvfrm
[ 81/240    0s] MovedFromExtractor Library/Bee/artifacts/mvdfrm/UnityEngine.ShaderVariantAnalyticsModule.dll_E67B75BE5D7C94F6.mvfrm
[ 82/240    0s] MovedFromExtractor Library/Bee/artifacts/mvdfrm/UnityEngine.ScriptingModule.dll_63F60B1DFC80587B.mvfrm
[ 83/240    0s] MovedFromExtractor Library/Bee/artifacts/mvdfrm/UnityEngine.ScreenCaptureModule.dll_FC137E562D70108E.mvfrm
[ 84/240    0s] MovedFromExtractor Library/Bee/artifacts/mvdfrm/UnityEngine.RuntimeInitializeOnLoadManagerInitializerModule.dll_C586C5FB4EC54C26.mvfrm
[ 85/240    0s] MovedFromExtractor Library/Bee/artifacts/mvdfrm/UnityEngine.PhysicsModule.dll_9F3BED9E13ABBECB.mvfrm
[ 86/240    0s] MovedFromExtractor Library/Bee/artifacts/mvdfrm/UnityEngine.RenderAs2DModule.dll_AA8AABB3D0993C5A.mvfrm
[ 87/240    0s] MovedFromExtractor Library/Bee/artifacts/mvdfrm/UnityEngine.PhysicsBackendPhysXModule.dll_18A42597A9E575ED.mvfrm
[ 88/240    0s] MovedFromExtractor Library/Bee/artifacts/mvdfrm/UnityEngine.PropertiesModule.dll_6952E92DF13EF223.mvfrm
[ 89/240    0s] MovedFromExtractor Library/Bee/artifacts/mvdfrm/UnityEngine.PhysicsCore2DModule.dll_6FD81F40786D788C.mvfrm
[ 90/240    0s] MovedFromExtractor Library/Bee/artifacts/mvdfrm/UnityEngine.Physics2DModule.dll_997AA2481DF5A15D.mvfrm
[ 91/240    0s] MovedFromExtractor Library/Bee/artifacts/mvdfrm/UnityEngine.PerformanceReportingModule.dll_16A9E2F96622004E.mvfrm
[ 92/240    0s] MovedFromExtractor Library/Bee/artifacts/mvdfrm/UnityEngine.ParticleSystemModule.dll_49C08EC53C0E2B15.mvfrm
[ 93/240    0s] MovedFromExtractor Library/Bee/artifacts/mvdfrm/UnityEngine.MultiplayerModule.dll_BB49D01AE954D76E.mvfrm
[ 94/240    0s] MovedFromExtractor Library/Bee/artifacts/mvdfrm/UnityEngine.MathematicsModule.dll_60B66167A505412A.mvfrm
[ 95/240    0s] MovedFromExtractor Library/Bee/artifacts/mvdfrm/UnityEngine.MarshallingModule.dll_E40A522314B57748.mvfrm
[ 96/240    0s] MovedFromExtractor Library/Bee/artifacts/mvdfrm/UnityEditor.LightingModule.dll_39C0F717DAD08811.mvfrm
[ 97/240    0s] MovedFromExtractor Library/Bee/artifacts/mvdfrm/UnityEngine.ImageConversionModule.dll_F9F136822D955B15.mvfrm
[ 98/240    0s] MovedFromExtractor Library/Bee/artifacts/mvdfrm/UnityEngine.JSONSerializeModule.dll_E22BD0D11903E42C.mvfrm
[ 99/240    0s] MovedFromExtractor Library/Bee/artifacts/mvdfrm/UnityEngine.InputModule.dll_4B97E17095DE7D5E.mvfrm
[100/240    0s] MovedFromExtractor Library/Bee/artifacts/mvdfrm/UnityEngine.IdentifiersModule.dll_142B3B83F306180E.mvfrm
[101/240    0s] MovedFromExtractor Library/Bee/artifacts/mvdfrm/UnityEngine.InputForUIModule.dll_3ECA0408DE742AA3.mvfrm
[102/240    0s] MovedFromExtractor Library/Bee/artifacts/mvdfrm/UnityEngine.InsightsModule.dll_D4970AAC962CE5EB.mvfrm
[103/240    0s] MovedFromExtractor Library/Bee/artifacts/mvdfrm/UnityEngine.IMGUIModule.dll_1D81B926E5D7EC9B.mvfrm
[104/240    0s] MovedFromExtractor Library/Bee/artifacts/mvdfrm/UnityEngine.HotReloadModule.dll_CE1D705D582BC54A.mvfrm
[105/240    0s] MovedFromExtractor Library/Bee/artifacts/mvdfrm/UnityEngine.InputLegacyModule.dll_CCE6CEACC87EFFE7.mvfrm
[106/240    0s] MovedFromExtractor Library/Bee/artifacts/mvdfrm/UnityEngine.HierarchyCoreModule.dll_F92EE46F8875DC98.mvfrm
[107/240    0s] MovedFromExtractor Library/Bee/artifacts/mvdfrm/UnityEngine.GameCenterModule.dll_3C17A9EF7E538DE7.mvfrm
[108/240    0s] MovedFromExtractor Library/Bee/artifacts/mvdfrm/UnityEngine.GridModule.dll_E801BAFA8A4CB286.mvfrm
[109/240    0s] MovedFromExtractor Library/Bee/artifacts/mvdfrm/UnityEngine.GraphicsStateCollectionSerializerModule.dll_8A98D2FD827C404A.mvfrm
[110/240    0s] MovedFromExtractor Library/Bee/artifacts/mvdfrm/UnityEngine.GIModule.dll_2635B479D83D2352.mvfrm
[111/240    0s] MovedFromExtractor Library/Bee/artifacts/mvdfrm/UnityEngine.DSPGraphModule.dll_4021A3857E10678D.mvfrm
[112/240    0s] MovedFromExtractor Library/Bee/artifacts/mvdfrm/UnityEngine.DirectorModule.dll_3AD0421C0BAF966C.mvfrm
[113/240    0s] MovedFromExtractor Library/Bee/artifacts/mvdfrm/UnityEngine.CrashReportingModule.dll_F6AE4578CDFC9F87.mvfrm
[114/240    0s] MovedFromExtractor Library/Bee/artifacts/mvdfrm/UnityEngine.ClusterRendererModule.dll_8DFF38D1AB70A321.mvfrm
[115/240    0s] MovedFromExtractor Library/Bee/artifacts/mvdfrm/UnityEngine.CoreModule.dll_0A909F0C71F81C8F.mvfrm
[116/240    0s] MovedFromExtractor Library/Bee/artifacts/mvdfrm/UnityEngine.ContentLoadModule.dll_D4B80CCEFF0FF1E3.mvfrm
[117/240    0s] MovedFromExtractor Library/Bee/artifacts/mvdfrm/UnityEngine.AudioModule.dll_E52219C01FA658BA.mvfrm
[118/240    0s] MovedFromExtractor Library/Bee/artifacts/mvdfrm/UnityEngine.ClusterInputModule.dll_3D652DF5FF53E4E0.mvfrm
[119/240    0s] MovedFromExtractor Library/Bee/artifacts/mvdfrm/UnityEngine.AssetBundleModule.dll_3BA1B38E308D49F6.mvfrm
[120/240    0s] MovedFromExtractor Library/Bee/artifacts/mvdfrm/UnityEngine.AnimationModule.dll_4CD4B2577CF8A9C8.mvfrm
[121/240    0s] MovedFromExtractor Library/Bee/artifacts/mvdfrm/UnityEngine.ClothModule.dll_4C0A76BAF9C3379E.mvfrm
[122/240    0s] MovedFromExtractor Library/Bee/artifacts/mvdfrm/UnityEngine.AndroidJNIModule.dll_11CA5FD4B8129CF6.mvfrm
[123/240    0s] MovedFromExtractor Library/Bee/artifacts/mvdfrm/UnityEngine.AccessibilityModule.dll_8214479519C883A2.mvfrm
[124/240    0s] MovedFromExtractor Library/Bee/artifacts/mvdfrm/UnityEngine.ARModule.dll_476C306F99AB9A01.mvfrm
[125/240    0s] MovedFromExtractor Library/Bee/artifacts/mvdfrm/UnityEditor.VFXModule.dll_6366B6C6F4D24047.mvfrm
[126/240    0s] MovedFromExtractor Library/Bee/artifacts/mvdfrm/UnityEngine.AIModule.dll_8DF96B6C3C8E3B38.mvfrm
[127/240    0s] MovedFromExtractor Library/Bee/artifacts/mvdfrm/UnityEngine.AdaptivePerformanceModule.dll_3E903E0AC729332E.mvfrm
[128/240    0s] MovedFromExtractor Library/Bee/artifacts/mvdfrm/UnityEditor.XRModule.dll_D08F6194584CDFEF.mvfrm
[129/240    0s] MovedFromExtractor Library/Bee/artifacts/mvdfrm/UnityEditor.VideoModule.dll_43FEE1C6B0BB43BA.mvfrm
[130/240    0s] MovedFromExtractor Library/Bee/artifacts/mvdfrm/UnityEditor.dll_2D16139C4519BAF1.mvfrm
[131/240    0s] MovedFromExtractor Library/Bee/artifacts/mvdfrm/UnityEditor.VectorGraphicsModule.dll_25E3635EB2280D53.mvfrm
[132/240    0s] MovedFromExtractor Library/Bee/artifacts/mvdfrm/UnityEditor.UnityConnectModule.dll_BDC8B8E04DCC121A.mvfrm
[133/240    0s] MovedFromExtractor Library/Bee/artifacts/mvdfrm/UnityEditor.UmbraModule.dll_99CA09747B4FD388.mvfrm
[134/240    0s] MovedFromExtractor Library/Bee/artifacts/mvdfrm/UnityEditor.UIElementsSamplesModule.dll_D2EB163591D6354D.mvfrm
[135/240    0s] MovedFromExtractor Library/Bee/artifacts/mvdfrm/UnityEditor.UIToolkitAuthoringModule.dll_C644AB250F332622.mvfrm
[136/240    0s] MovedFromExtractor Library/Bee/artifacts/mvdfrm/UnityEditor.UIElementsModule.dll_938177016EF32E20.mvfrm
[137/240    0s] MovedFromExtractor Library/Bee/artifacts/mvdfrm/UnityEditor.TreeModule.dll_451BC0C851B846A3.mvfrm
[138/240    0s] WriteText Library/Bee/artifacts/1900b0aE.dag/UnityEngine.UI.dll.mvfrm.rsp
[139/240    0s] MovedFromExtractor Library/Bee/artifacts/mvdfrm/UnityEditor.U2DModule.dll_8F3F61AA2A6EA0A6.mvfrm
[140/240    0s] WriteText Library/Bee/artifacts/1900b0aE.dag/UnityEngine.UI.rsp
[141/240    0s] WriteText Library/Bee/artifacts/1900b0aE.dag/UnityEditor.UI.rsp2
[142/240    0s] WriteText Library/Bee/artifacts/1900b0aE.dag/UnityEditor.UI.UnityAdditionalFile.txt
[143/240    0s] MovedFromExtractor Library/Bee/artifacts/mvdfrm/UnityEditor.TextCoreFontEngineModule.dll_92EE1697F0ACA262.mvfrm
[144/240    0s] MovedFromExtractor Library/Bee/artifacts/mvdfrm/UnityEditor.TextRenderingModule.dll_9911FE396BAF0D5E.mvfrm
[145/240    0s] WriteText Library/Bee/artifacts/1900b0aE.dag/UnityEditor.UI.dll.mvfrm.rsp
[146/240    0s] WriteText Library/Bee/artifacts/1900b0aE.dag/UnityEditor.UI.rsp
[147/240    0s] MovedFromExtractor Library/Bee/artifacts/mvdfrm/UnityEditor.UIBuilderModule.dll_D2D7E34B15544E56.mvfrm
[148/240    0s] WriteText Library/Bee/artifacts/1900b0aE.dag/Unity.InternalAPIEngineBridge.004.rsp2
[149/240    0s] WriteText Library/Bee/artifacts/1900b0aE.dag/Unity.InternalAPIEngineBridge.004.UnityAdditionalFile.txt
[150/240    0s] WriteText Library/Bee/artifacts/1900b0aE.dag/Unity.InternalAPIEngineBridge.004.rsp
[151/240    0s] WriteText Library/Bee/artifacts/1900b0aE.dag/Unity.InternalAPIEngineBridge.004.dll.mvfrm.rsp
[152/240    0s] WriteText Library/Bee/artifacts/1900b0aE.dag/Unity.TextMeshPro.UnityAdditionalFile.txt
[153/240    0s] WriteText Library/Bee/artifacts/1900b0aE.dag/Unity.TextMeshPro.rsp2
[154/240    0s] WriteText Library/Bee/artifacts/1900b0aE.dag/Unity.Multiplayer.Center.Common.UnityAdditionalFile.txt
[155/240    0s] WriteText Library/Bee/artifacts/1900b0aE.dag/Unity.Multiplayer.Center.Common.rsp2
[156/240    0s] MovedFromExtractor Library/Bee/artifacts/mvdfrm/UnityEditor.TilemapModule.dll_660417E39C18017D.mvfrm
[157/240    0s] WriteText Library/Bee/artifacts/1900b0aE.dag/Unity.TextMeshPro.dll.mvfrm.rsp
[158/240    0s] WriteText Library/Bee/artifacts/1900b0aE.dag/Unity.Multiplayer.Center.Common.dll.mvfrm.rsp
[159/240    0s] WriteText Library/Bee/artifacts/1900b0aE.dag/Unity.TextMeshPro.rsp
[160/240    0s] WriteText Library/Bee/artifacts/1900b0aE.dag/Unity.Multiplayer.Center.Editor.rsp2
[161/240    0s] WriteText Library/Bee/artifacts/1900b0aE.dag/Unity.TextMeshPro.Editor.UnityAdditionalFile.txt
[162/240    0s] WriteText Library/Bee/artifacts/1900b0aE.dag/Unity.TextMeshPro.Editor.rsp2
[163/240    0s] WriteText Library/Bee/artifacts/1900b0aE.dag/Unity.Multiplayer.Center.Common.rsp
[164/240    0s] WriteText Library/Bee/artifacts/1900b0aE.dag/UnityEditor.UI.Analytics.rsp2
[165/240    0s] WriteText Library/Bee/artifacts/1900b0aE.dag/UnityEditor.UI.Analytics.UnityAdditionalFile.txt
[166/240    0s] WriteText Library/Bee/artifacts/1900b0aE.dag/Unity.TextMeshPro.Editor.dll.mvfrm.rsp
[167/240    0s] WriteText Library/Bee/artifacts/1900b0aE.dag/Unity.Multiplayer.Center.Editor.UnityAdditionalFile.txt
[168/240    0s] WriteText Library/Bee/artifacts/1900b0aE.dag/UnityEditor.UI.Analytics.dll.mvfrm.rsp
[169/240    0s] WriteText Library/Bee/artifacts/1900b0aE.dag/Unity.Multiplayer.Center.Editor.dll.mvfrm.rsp
[170/240    0s] WriteText Library/Bee/artifacts/1900b0aE.dag/Unity.Multiplayer.Center.Editor.rsp
[171/240    0s] WriteText Library/Bee/artifacts/1900b0aE.dag/UnityEditor.UI.Analytics.rsp
[172/240    0s] WriteText Library/Bee/artifacts/1900b0aE.dag/Unity.TextMeshPro.Editor.rsp
[173/240    0s] MovedFromExtractor Library/Bee/artifacts/mvdfrm/UnityEditor.UIAutomationModule.dll_732F9A5AC55BF5C0.mvfrm
[174/240    0s] WriteText Library/Bee/artifacts/1900b0aE.dag/Assembly-CSharp.dll.mvfrm.rsp
[175/240    0s] WriteText Library/Bee/artifacts/1900b0aE.dag/Assembly-CSharp.UnityAdditionalFile.txt
[176/240    0s] WriteText Library/Bee/artifacts/1900b0aE.dag/Assembly-CSharp.rsp
[177/240    0s] WriteText Library/Bee/artifacts/1900b0aE.dag/Assembly-CSharp-Editor.rsp2
[178/240    0s] WriteText Library/Bee/artifacts/1900b0aE.dag/Assembly-CSharp-Editor.dll.mvfrm.rsp
[179/240    0s] WriteText Library/Bee/artifacts/1900b0aE.dag/Assembly-CSharp-Editor.UnityAdditionalFile.txt
[180/240    0s] WriteText Library/Bee/artifacts/1900b0aE.dag/Assembly-CSharp-Editor.rsp
[181/240    0s] WriteText Library/Bee/artifacts/1900b0aE.dag/Assembly-CSharp.rsp2
[182/240    0s] MovedFromExtractor Library/Bee/artifacts/mvdfrm/UnityEditor.TextCoreTextEngineModule.dll_DAD64D0980305B80.mvfrm
[183/240    0s] MovedFromExtractor Library/Bee/artifacts/mvdfrm/UnityEditor.TerrainModule.dll_C707B062845B2074.mvfrm
[184/240    0s] MovedFromExtractor Library/Bee/artifacts/mvdfrm/UnityEditor.SpriteShapeModule.dll_4F3D1159D3F5717B.mvfrm
[185/240    0s] MovedFromExtractor Library/Bee/artifacts/mvdfrm/UnityEditor.SubstanceModule.dll_282EC3083253AD2F.mvfrm
[186/240    0s] MovedFromExtractor Library/Bee/artifacts/mvdfrm/UnityEditor.WindowsStandalone.Extensions.dll_28A87FBB6A341A7C.mvfrm
[187/240    0s] MovedFromExtractor Library/Bee/artifacts/mvdfrm/UnityEngine.HierarchyModule.dll_21A92DF345FAC5C9.mvfrm
[188/240    0s] MovedFromExtractor Library/Bee/artifacts/mvdfrm/UnityEngine.NVIDIAModule.dll_8CD0E996AD7E08DB.mvfrm
[189/240    0s] MovedFromExtractor Library/Bee/artifacts/mvdfrm/UnityEditor.Graphs.dll_D050BD47EF0ED796.mvfrm
[190/240    0s] MovedFromExtractor Library/Bee/artifacts/mvdfrm/UnityEditor.WebGL.Extensions.dll_669B1836C4CA9D8C.mvfrm
[191/240    0s] MovedFromExtractor Library/Bee/artifacts/mvdfrm/UnityEngine.AMDModule.dll_F019FD4666E4698C.mvfrm
[192/240    0s] MovedFromExtractor-Combine Library/Bee/artifacts/1900b0aE.dag/UnityEngine.UI.dll.mvfrm
[192/240    0s] Csc Library/Bee/artifacts/1900b0aE.dag/UnityEngine.UI.dll (+2 others) [CacheHit 46e902c05763afa2b2b23ae4b809adb900000000000000000000000000000006]
[193/240    0s] Csc Library/Bee/artifacts/1900b0aE.dag/UnityEngine.UI.dll (+2 others)
[195/240    0s] CopyFiles Library/ScriptAssemblies/UnityEngine.UI.pdb
[196/240    0s] CopyFiles Library/ScriptAssemblies/UnityEngine.UI.dll
[197/240    0s] MovedFromExtractor Library/Bee/artifacts/mvdfrm/UnityEngine.UI.ref.dll_08FEAA520A2EFD60.mvfrm
[198/240    0s] MovedFromExtractor-Combine Library/Bee/artifacts/1900b0aE.dag/UnityEditor.UI.dll.mvfrm
[197/240    0s] Csc Library/Bee/artifacts/1900b0aE.dag/UnityEditor.UI.dll (+2 others) [CacheHit d5e6b743acd9c4b6709652d42d907d1700000000000000000000000000000006]
[199/240    0s] Csc Library/Bee/artifacts/1900b0aE.dag/UnityEditor.UI.dll (+2 others)
[201/240    0s] CopyFiles Library/ScriptAssemblies/UnityEditor.UI.pdb
[202/240    0s] MovedFromExtractor Library/Bee/artifacts/mvdfrm/UnityEditor.UI.ref.dll_4C98D3F7040CD4F5.mvfrm
[203/240    0s] MovedFromExtractor-Combine Library/Bee/artifacts/1900b0aE.dag/Unity.InternalAPIEngineBridge.004.dll.mvfrm
[204/240    0s] MovedFromExtractor-Combine Library/Bee/artifacts/1900b0aE.dag/Unity.Multiplayer.Center.Common.dll.mvfrm
[205/240    0s] CopyFiles Library/ScriptAssemblies/UnityEditor.UI.dll
[203/240    0s] Csc Library/Bee/artifacts/1900b0aE.dag/Unity.InternalAPIEngineBridge.004.dll (+2 others) [CacheHit d874f75678f67afce72ecd0c14680fd800000000000000000000000000000006]
[206/240    0s] Csc Library/Bee/artifacts/1900b0aE.dag/Unity.InternalAPIEngineBridge.004.dll (+2 others)
[208/240    0s] CopyFiles Library/ScriptAssemblies/Unity.InternalAPIEngineBridge.004.dll
[209/240    0s] CopyFiles Library/ScriptAssemblies/Unity.InternalAPIEngineBridge.004.pdb
[206/240    0s] Csc Library/Bee/artifacts/1900b0aE.dag/Unity.Multiplayer.Center.Common.dll (+2 others) [CacheHit 18cd51736c19390eceeb32bcb47d808000000000000000000000000000000006]
[210/240    0s] Csc Library/Bee/artifacts/1900b0aE.dag/Unity.Multiplayer.Center.Common.dll (+2 others)
[212/240    0s] CopyFiles Library/ScriptAssemblies/Unity.Multiplayer.Center.Common.pdb
[213/240    0s] CopyFiles Library/ScriptAssemblies/Unity.Multiplayer.Center.Common.dll
[214/240    0s] MovedFromExtractor Library/Bee/artifacts/mvdfrm/Unity.InternalAPIEngineBridge.004.ref.dll_9F91F1CFF2D20E26.mvfrm
[215/240    0s] MovedFromExtractor Library/Bee/artifacts/mvdfrm/Unity.Multiplayer.Center.Common.ref.dll_EE36537354EA42C8.mvfrm
[216/240    0s] MovedFromExtractor-Combine Library/Bee/artifacts/1900b0aE.dag/Unity.TextMeshPro.dll.mvfrm
[217/240    0s] MovedFromExtractor-Combine Library/Bee/artifacts/1900b0aE.dag/Unity.Multiplayer.Center.Editor.dll.mvfrm
[213/240    0s] Csc Library/Bee/artifacts/1900b0aE.dag/Unity.TextMeshPro.dll (+2 others) [CacheHit 476ca4c81572d7eddb88e9343f4511b800000000000000000000000000000006]
[218/240    0s] Csc Library/Bee/artifacts/1900b0aE.dag/Unity.TextMeshPro.dll (+2 others)
[220/240    0s] CopyFiles Library/ScriptAssemblies/Unity.TextMeshPro.pdb
[215/240    0s] Csc Library/Bee/artifacts/1900b0aE.dag/Unity.Multiplayer.Center.Editor.dll (+2 others) [CacheHit 55e12ea91b7b31e2742914cd2334cb9300000000000000000000000000000006]
[221/240    0s] Csc Library/Bee/artifacts/1900b0aE.dag/Unity.Multiplayer.Center.Editor.dll (+2 others)
[223/240    0s] CopyFiles Library/ScriptAssemblies/Unity.Multiplayer.Center.Editor.pdb
[224/240    0s] CopyFiles Library/ScriptAssemblies/Unity.TextMeshPro.dll
[225/240    0s] MovedFromExtractor Library/Bee/artifacts/mvdfrm/Unity.TextMeshPro.ref.dll_84A4293DBDD182DB.mvfrm
[226/240    0s] MovedFromExtractor Library/Bee/artifacts/mvdfrm/Unity.Multiplayer.Center.Editor.ref.dll_EB1F4B6E56116D4A.mvfrm
[227/240    0s] CopyFiles Library/ScriptAssemblies/Unity.Multiplayer.Center.Editor.dll
[228/240    0s] MovedFromExtractor-Combine Library/Bee/artifacts/1900b0aE.dag/UnityEditor.UI.Analytics.dll.mvfrm
[229/240    0s] MovedFromExtractor-Combine Library/Bee/artifacts/1900b0aE.dag/Unity.TextMeshPro.Editor.dll.mvfrm
[223/240    0s] Csc Library/Bee/artifacts/1900b0aE.dag/UnityEditor.UI.Analytics.dll (+2 others) [CacheHit 206b47e6cc51c9d35fee74d1879622fa00000000000000000000000000000006]
[230/240    0s] Csc Library/Bee/artifacts/1900b0aE.dag/UnityEditor.UI.Analytics.dll (+2 others)
[232/240    0s] CopyFiles Library/ScriptAssemblies/UnityEditor.UI.Analytics.dll
[233/240    0s] CopyFiles Library/ScriptAssemblies/UnityEditor.UI.Analytics.pdb
[226/240    0s] Csc Library/Bee/artifacts/1900b0aE.dag/Unity.TextMeshPro.Editor.dll (+2 others) [CacheHit 4293ca9cffc7f4d6fcbc8251fe17de3700000000000000000000000000000006]
[234/240    0s] Csc Library/Bee/artifacts/1900b0aE.dag/Unity.TextMeshPro.Editor.dll (+2 others)
[236/240    0s] CopyFiles Library/ScriptAssemblies/Unity.TextMeshPro.Editor.pdb
[237/240    0s] MovedFromExtractor Library/Bee/artifacts/mvdfrm/UnityEditor.UI.Analytics.ref.dll_3B64A5A3A726AD5D.mvfrm
[238/240    0s] MovedFromExtractor Library/Bee/artifacts/mvdfrm/Unity.TextMeshPro.Editor.ref.dll_159E061D77A10B86.mvfrm
[239/240    0s] MovedFromExtractor-Combine Library/Bee/artifacts/1900b0aE.dag/Assembly-CSharp.dll.mvfrm
[240/240    0s] MovedFromExtractor-Combine Library/Bee/artifacts/1900b0aE.dag/Assembly-CSharp-Editor.dll.mvfrm
[241/240    0s] CopyFiles Library/ScriptAssemblies/Unity.TextMeshPro.Editor.dll
[242/240    5s] Csc Library/Bee/artifacts/1900b0aE.dag/Assembly-CSharp.dll (+2 others)
Assets\Scripts\Audio\AudioManager.cs(36,18): warning CS0114: 'AudioManager.OnDestroy()' hides inherited member 'Singleton<AudioManager>.OnDestroy()'. To make the current member override that implementation, add the override keyword. Otherwise add the new keyword.

Assets\Scripts\Core\Singleton.cs(17,29): warning CS0618: 'Object.FindObjectOfType<T>()' is obsolete: 'Object.FindObjectOfType has been deprecated. Use Object.FindAnyObjectByType instead.'

Assets\Scripts\Game\MainScreenManager.cs(80,25): warning CS0618: 'Object.FindObjectOfType<T>()' is obsolete: 'Object.FindObjectOfType has been deprecated. Use Object.FindAnyObjectByType instead.'

Assets\Scripts\UI\MainScreenUIBuilder.cs(51,13): warning CS0618: 'Object.FindObjectOfType<T>()' is obsolete: 'Object.FindObjectOfType has been deprecated. Use Object.FindAnyObjectByType instead.'

Assets\Scripts\UI\UIManager.cs(16,27): warning CS0618: 'Object.FindObjectOfType<T>()' is obsolete: 'Object.FindObjectOfType has been deprecated. Use Object.FindAnyObjectByType instead.'

Assets\Scripts\UI\TitleScreenUIBuilder.cs(299,13): warning CS0618: 'Object.FindObjectOfType<T>()' is obsolete: 'Object.FindObjectOfType has been deprecated. Use Object.FindAnyObjectByType instead.'

Assets\Scripts\UI\RatingUIBuilder.cs(290,35): warning CS0618: 'Object.FindObjectOfType<T>()' is obsolete: 'Object.FindObjectOfType has been deprecated. Use Object.FindAnyObjectByType instead.'

Assets\Scripts\UI\CustomerAppearanceUIBuilder.cs(257,29): warning CS0618: 'Object.FindObjectOfType<T>()' is obsolete: 'Object.FindObjectOfType has been deprecated. Use Object.FindAnyObjectByType instead.'
[243/240    0s] CopyFiles Library/ScriptAssemblies/Assembly-CSharp.pdb
[244/240    0s] CopyFiles Library/ScriptAssemblies/Assembly-CSharp.dll
[245/240    0s] Csc Library/Bee/artifacts/1900b0aE.dag/Assembly-CSharp-Editor.dll (+2 others)
[246/240    0s] CopyFiles Library/ScriptAssemblies/Assembly-CSharp-Editor.pdb
[247/240    0s] CopyFiles Library/ScriptAssemblies/Assembly-CSharp-Editor.dll
*** Tundra build success (16.28 seconds), 231 items updated, 240 evaluated
Assets\Scripts\Audio\AudioManager.cs(36,18): warning CS0114: 'AudioManager.OnDestroy()' hides inherited member 'Singleton<AudioManager>.OnDestroy()'. To make the current member override that implementation, add the override keyword. Otherwise add the new keyword.
Assets\Scripts\Core\Singleton.cs(17,29): warning CS0618: 'Object.FindObjectOfType<T>()' is obsolete: 'Object.FindObjectOfType has been deprecated. Use Object.FindAnyObjectByType instead.'
Assets\Scripts\Game\MainScreenManager.cs(80,25): warning CS0618: 'Object.FindObjectOfType<T>()' is obsolete: 'Object.FindObjectOfType has been deprecated. Use Object.FindAnyObjectByType instead.'
Assets\Scripts\UI\MainScreenUIBuilder.cs(51,13): warning CS0618: 'Object.FindObjectOfType<T>()' is obsolete: 'Object.FindObjectOfType has been deprecated. Use Object.FindAnyObjectByType instead.'
Assets\Scripts\UI\UIManager.cs(16,27): warning CS0618: 'Object.FindObjectOfType<T>()' is obsolete: 'Object.FindObjectOfType has been deprecated. Use Object.FindAnyObjectByType instead.'
Assets\Scripts\UI\TitleScreenUIBuilder.cs(299,13): warning CS0618: 'Object.FindObjectOfType<T>()' is obsolete: 'Object.FindObjectOfType has been deprecated. Use Object.FindAnyObjectByType instead.'
Assets\Scripts\UI\RatingUIBuilder.cs(290,35): warning CS0618: 'Object.FindObjectOfType<T>()' is obsolete: 'Object.FindObjectOfType has been deprecated. Use Object.FindAnyObjectByType instead.'
Assets\Scripts\UI\CustomerAppearanceUIBuilder.cs(257,29): warning CS0618: 'Object.FindObjectOfType<T>()' is obsolete: 'Object.FindObjectOfType has been deprecated. Use Object.FindAnyObjectByType instead.'
Total cache size 29616148
Total cache size after purge 29616148, took 00:00:00.1119468
AssetDatabase: script compilation time: 21.659955s
Begin MonoManager ReloadAssembly
Native extension for WindowsStandalone target not found
Native extension for WebGL target not found
ScheduleIndexationOnStartup MainProcess:True IndexOnStartup:True
Mono: successfully reloaded assembly
- Finished resetting the current domain, in  1.105 seconds
Domain Reload Profiling: 2537ms
	BeginReloadAssembly (572ms)
		DisableScriptedObjects (62ms)
		CreateAndSetChildDomain (102ms)
	RebuildCommonClasses (21ms)
	RebuildNativeTypeToScriptingClass (42ms)
	initialDomainReloadingComplete (129ms)
	LoadAllAssembliesAndSetupDomain (660ms)
		LoadAssemblies (595ms)
		AnalyzeDomain (54ms)
			TypeCache.Refresh (29ms)
				TypeCache.ScanAssembly (19ms)
			BuildScriptInfoCaches (16ms)
			ResolveRequiredComponents (4ms)
	FinalizeReload (1113ms)
		SetupLoadedEditorAssemblies (0ms)
			InitializePlatformSupportModulesInManaged (6ms)
			BeforeProcessingInitializeOnLoad (235ms)
			ProcessInitializeOnLoadAttributes (239ms)
			ProcessInitializeOnLoadMethodAttributes (214ms)
			AfterProcessingInitializeOnLoad (12ms)
		AwakeInstancesAfterBackupRestoration (57ms)
Starting new worker id: 0 with log in C:/Users/vipgo/Dev/PBL2/Logs/AssetImportWorkerHW0.log

Asset Pipeline Refresh (id=b225409b3945ef9448dffca89daa797e): Total: 24.895 seconds - Initiated by InitialRefreshV2(ForceSynchronousImport)
	(Values over 0.05ms)
	Summary:
		Imports: total=0 (actual=0, local cache=0, cache server=0)
		Asset DB Process Time: managed=0 ms, native=1462 ms
		Asset DB Callback time: managed=161 ms, native=82 ms
		Scripting: domain reloads=1, domain reload time=1496 ms, compile time=21666 ms, other=26 ms
		Project Asset Count: scripts=219, non-scripts=166
		Asset File Changes: new=0, changed=0, moved=0, deleted=1
		Scan Filter Count: 0
	InvokePackagesCallback: 80.259ms
	ApplyChangesToAssetFolders: 1.849ms
	Scan: 150.283ms
	Collect global state as custom dependencies: 7.499ms
	OnSourceAssetsModified: 3.276ms
	CategorizeScriptCompilationAssets: 2.031ms
	ProcessAssetsWithTransientArtifactChanges: 18.377ms
	CategorizeAssets: 5.904ms
	CompileScripts: 21666.439ms
	ImportOutOfDateAssets: 1143.236ms (1118.049ms without children)
		UnloadImportedAssets: 0.630ms
		EnsureUptoDateAssetsAreRegisteredWithGuidPM: 0.120ms
		ImportSchedulerStart: 24.406ms
	PostProcessAllAssets: 157.969ms
		MonoPostProcessAllAssets: 156.713ms
			AssetPostprocessor.OnPostprocessAllAssets 44.491ms
			StyleCatalogPostProcessor.OnPostprocessAllAssets 30.146ms
			WindowAssetPostprocessingWatcher.OnPostprocessAllAssets 17.562ms
			BuilderAssetPostprocessor.OnPostprocessAllAssets 11.000ms
			AssetChangedListener.OnPostprocessAllAssets 5.084ms
			SyncVS.PostprocessSyncProject 4.146ms
			RetainedModeAssetPostprocessor.OnPostprocessAllAssets 3.439ms
			SpeedTree9Postprocessor.OnPostprocessAllAssets 2.501ms
			EditModeScopePostprocessor.OnPostprocessAllAssets 2.492ms
			AssetEvents.OnPostprocessAllAssets 1.827ms
			ArtifactBrowserPostProcessor.OnPostprocessAllAssets 1.628ms
			ReferencedClipsPostProcessor.OnPostprocessAllAssets 1.566ms
			AssetDatabaseCallbacks.OnPostprocessAllAssets 1.000ms
			AudioMixerPostprocessor.OnPostprocessAllAssets 0.932ms
			TMPro_TexturePostProcessor.OnPostprocessAllAssets 0.819ms
			TerrainToolbarOverlayPostProcessor.OnPostprocessAllAssets 0.766ms
			TextAssetPostProcessor.OnPostprocessAllAssets 0.711ms
			SpeedTreePostProcessor.OnPostprocessAllAssets 0.607ms
			ConfigAssetsTracker.OnPostprocessAllAssets 0.519ms
			ScenarioDriftAssetsTracker.OnPostprocessAllAssets 0.511ms
			AudioContainerPostProcessor.OnPostprocessAllAssets 0.354ms
			RenderPipelineGlobalSettingsPostprocessor.OnPostprocessAllAssets 0.299ms
	PostAssetChangesProfiler: 7.528ms
	UnloadStreamsBegin: 3.249ms
	GenerateScriptTypeHashes: 0.723ms
	GenerateScriptTypeSerializationHashes: 1.419ms
	Untracked: 1633.838ms

Application.AssetDatabase Initial Refresh End
Scanning for USB devices : 8.180ms
Initializing Unity extensions:
[MODES] ModeService[none].Initialize
[MODES] ModeService[none].LoadModes
[MODES] Loading mode Default (0) for mode-current-id-PBL2
Unloading 3 Unused Serialized files (Serialized files now loaded: 0)
Unloading 463 unused Assets / (0.6 MB). Loaded Objects now: 1110.
Memory consumption went from 196.5 MB to 196.0 MB.
Total: 8.822300 ms (FindLiveObjects: 0.185700 ms CreateObjectMapping: 0.140600 ms MarkObjects: 7.774300 ms  DeleteObjects: 0.707800 ms)

Batchmode quit successfully invoked - shutting down!
Curl error 42: Callback aborted
[Physics::Module] Cleanup current backend.
[Physics::Module] Id: 0xf2b8ea05
Input System module state changed to: ShutdownInProgress.
Input Polling Thread exited.
Input System module state changed to: Shutdown.
[Licensing::IpcConnector] LicenseClient-vipgo-6000.5.3-notifications channel disconnected successfully.
[Licensing::IpcConnector] LicenseClient-vipgo-6000.5.3 channel disconnected successfully.
Shut down.
AcceleratorClientConnectionCallback - disconnected - :0
Cleanup mono
CodeReloadManager destroyed
abort_threads: Failed aborting id: 0000000000017178, mono_thread_manage will ignore it

abort_threads: Failed aborting id: 000000000000D210, mono_thread_manage will ignore it

abort_threads: Failed aborting id: 0000000000017178, mono_thread_manage will ignore it

abort_threads: Failed aborting id: 000000000000D210, mono_thread_manage will ignore it

debugger-agent: Unable to listen on 3044
Exiting batchmode successfully now!
Exiting without the bug reporter. Application will terminate with return code 0